2021-10-11 11:48:38.521  INFO 7468 --- [main] o.s.s.oauth.AuthServerApplication        : Starting AuthServerApplication using Java 12 on WORK with PID 7468 (D:\Project\oauth2\spring-security-oauth2\auth-server\target\classes started by Administrator in D:\Project\oauth2\spring-security-oauth2)
2021-10-11 11:48:38.536  INFO 7468 --- [main] o.s.s.oauth.AuthServerApplication        : No active profile set, falling back to default profiles: default
2021-10-11 11:48:40.896  INFO 7468 --- [main] .s.d.r.c.RepositoryConfigurationDelegate : Multiple Spring Data modules found, entering strict repository configuration mode!
2021-10-11 11:48:40.911  INFO 7468 --- [main] .s.d.r.c.RepositoryConfigurationDelegate : Bootstrapping Spring Data Redis repositories in DEFAULT mode.
2021-10-11 11:48:41.005  INFO 7468 --- [main] .s.d.r.c.RepositoryConfigurationDelegate : Finished Spring Data repository scanning in 62 ms. Found 0 Redis repository interfaces.
2021-10-11 11:48:41.333  WARN 7468 --- [main] o.m.s.mapper.ClassPathMapperScanner      : No MyBatis mapper was found in '[org.springframework.security.oauth]' package. Please check your configuration.
2021-10-11 11:48:41.599  INFO 7468 --- [main] o.s.cloud.context.scope.GenericScope     : BeanFactory id=f0509d66-6591-343a-b887-10334a99b134
2021-10-11 11:48:42.333  INFO 7468 --- [main] o.s.b.w.embedded.tomcat.TomcatWebServer  : Tomcat initialized with port(s): 8090 (http)
2021-10-11 11:48:42.364  INFO 7468 --- [main] o.apache.catalina.core.StandardService   : Starting service [Tomcat]
2021-10-11 11:48:42.364  INFO 7468 --- [main] org.apache.catalina.core.StandardEngine  : Starting Servlet engine: [Apache Tomcat/9.0.46]
2021-10-11 11:48:42.630  INFO 7468 --- [main] o.a.c.c.C.[Tomcat].[localhost].[/]       : Initializing Spring embedded WebApplicationContext
2021-10-11 11:48:42.630  INFO 7468 --- [main] w.s.c.ServletWebServerApplicationContext : Root WebApplicationContext: initialization completed in 4016 ms
2021-10-11 11:48:48.787  INFO 7468 --- [main] c.a.d.s.b.a.DruidDataSourceAutoConfigure : Init DruidDataSource
2021-10-11 11:48:49.068  INFO 7468 --- [main] com.alibaba.druid.pool.DruidDataSource   : {dataSource-1} inited
2021-10-11 11:48:51.067  INFO 7468 --- [main] o.s.s.web.DefaultSecurityFilterChain     : Will secure Ant [pattern='/webjars/**'] with []
2021-10-11 11:48:51.067  INFO 7468 --- [main] o.s.s.web.DefaultSecurityFilterChain     : Will secure Ant [pattern='/resources/**'] with []
2021-10-11 11:48:51.146  INFO 7468 --- [main] o.s.s.web.DefaultSecurityFilterChain     : Will secure Or [Ant [pattern='/oauth/token'], Ant [pattern='/oauth/token_key'], Ant [pattern='/oauth/check_token']] with [org.springframework.security.web.context.request.async.WebAsyncManagerIntegrationFilter@568c9ee1, org.springframework.security.web.context.SecurityContextPersistenceFilter@5a96f3cb, org.springframework.security.web.header.HeaderWriterFilter@75dbe490, org.springframework.security.web.authentication.logout.LogoutFilter@3f33bb6f, org.springframework.security.oauth2.provider.client.ClientCredentialsTokenEndpointFilter@495bc9e7, org.springframework.security.web.authentication.www.BasicAuthenticationFilter@6ba08a09, org.springframework.security.web.savedrequest.RequestCacheAwareFilter@3e0704e2, org.springframework.security.web.servletapi.SecurityContextHolderAwareRequestFilter@27048db3, org.springframework.security.web.authentication.AnonymousAuthenticationFilter@3b839f68, org.springframework.security.web.session.SessionManagementFilter@4c579b5b, org.springframework.security.web.access.ExceptionTranslationFilter@1a947424, org.springframework.security.web.access.intercept.FilterSecurityInterceptor@78bce1c4]
2021-10-11 11:48:52.021  INFO 7468 --- [main] o.s.b.a.e.web.EndpointLinksResolver      : Exposing 1 endpoint(s) beneath base path '/actuator'
2021-10-11 11:48:52.052  INFO 7468 --- [main] o.s.s.web.DefaultSecurityFilterChain     : Will secure any request with [org.springframework.security.web.context.request.async.WebAsyncManagerIntegrationFilter@4b4228cf, org.springframework.security.web.context.SecurityContextPersistenceFilter@349996a6, org.springframework.security.web.header.HeaderWriterFilter@1041ebba, org.springframework.web.filter.CorsFilter@7d216ee8, org.springframework.security.web.authentication.logout.LogoutFilter@34cfdd84, org.springframework.security.web.authentication.UsernamePasswordAuthenticationFilter@42ac309, org.springframework.security.web.savedrequest.RequestCacheAwareFilter@78aa1753, org.springframework.security.web.servletapi.SecurityContextHolderAwareRequestFilter@67292fc7, org.springframework.security.web.authentication.AnonymousAuthenticationFilter@74ee97cb, org.springframework.security.web.session.SessionManagementFilter@507f7cd1, org.springframework.security.web.access.ExceptionTranslationFilter@30bf881e, org.springframework.security.web.access.intercept.FilterSecurityInterceptor@110318a7]
2021-10-11 11:48:52.052  INFO 7468 --- [main] o.s.s.web.DefaultSecurityFilterChain     : Will secure any request with [org.springframework.security.web.context.request.async.WebAsyncManagerIntegrationFilter@56b48163, org.springframework.security.web.context.SecurityContextPersistenceFilter@76cbee13, org.springframework.security.web.header.HeaderWriterFilter@7bc6b117, org.springframework.security.web.csrf.CsrfFilter@1b881f1f, org.springframework.security.web.authentication.logout.LogoutFilter@4d9cf71d, org.springframework.security.web.authentication.UsernamePasswordAuthenticationFilter@b6b746b, org.springframework.security.web.authentication.ui.DefaultLoginPageGeneratingFilter@39fc17be, org.springframework.security.web.authentication.ui.DefaultLogoutPageGeneratingFilter@eb6ccbc, org.springframework.security.web.authentication.www.BasicAuthenticationFilter@55d8f6bb, org.springframework.security.web.savedrequest.RequestCacheAwareFilter@59d09ff3, org.springframework.security.web.servletapi.SecurityContextHolderAwareRequestFilter@17d0d3d7, org.springframework.security.web.authentication.AnonymousAuthenticationFilter@5eae392d, org.springframework.security.web.session.SessionManagementFilter@2de07c57, org.springframework.security.web.access.ExceptionTranslationFilter@51efdb72, org.springframework.security.web.access.intercept.FilterSecurityInterceptor@49322d04]
2021-10-11 11:48:52.396  INFO 7468 --- [main] t.m.m.autoconfigure.MapperCacheDisabler  : Clear tk.mybatis.mapper.util.MsUtil CLASS_CACHE cache.
2021-10-11 11:48:52.396  INFO 7468 --- [main] t.m.m.autoconfigure.MapperCacheDisabler  : Clear tk.mybatis.mapper.genid.GenIdUtil CACHE cache.
2021-10-11 11:48:52.396  INFO 7468 --- [main] t.m.m.autoconfigure.MapperCacheDisabler  : Clear tk.mybatis.mapper.version.VersionUtil CACHE cache.
2021-10-11 11:48:52.396  INFO 7468 --- [main] t.m.m.autoconfigure.MapperCacheDisabler  : Clear EntityHelper entityTableMap cache.
2021-10-11 11:48:59.229  WARN 7468 --- [main] s.o.SpringCloudSecurityAutoConfiguration : All Spring Cloud Security modules and starters are deprecated. They will be moved to individual projects in the next major release.
2021-10-11 11:48:59.405  INFO 7468 --- [main] o.s.b.w.embedded.tomcat.TomcatWebServer  : Tomcat started on port(s): 8090 (http) with context path ''
2021-10-11 11:48:59.493  INFO 7468 --- [main] o.s.s.oauth.AuthServerApplication        : Started AuthServerApplication in 21.897 seconds (JVM running for 25.316)
2021-10-11 11:49:49.496  INFO 7468 --- [http-nio-8090-exec-10] o.a.c.c.C.[Tomcat].[localhost].[/]       : Initializing Spring DispatcherServlet 'dispatcherServlet'
2021-10-11 11:49:49.497  INFO 7468 --- [http-nio-8090-exec-10] o.s.web.servlet.DispatcherServlet        : Initializing Servlet 'dispatcherServlet'
2021-10-11 11:49:49.500  INFO 7468 --- [http-nio-8090-exec-10] o.s.web.servlet.DispatcherServlet        : Completed initialization in 3 ms
2021-10-11 11:49:56.474  WARN 7468 --- [http-nio-8090-exec-10] o.a.c.util.SessionIdGeneratorBase        : Creation of SecureRandom instance for session ID generation using [SHA1PRNG] took [239] milliseconds.
2021-10-11 13:48:15.934  INFO 7468 --- [SpringApplicationShutdownHook] com.alibaba.druid.pool.DruidDataSource   : {dataSource-1} closing ...
2021-10-11 13:48:16.246  INFO 7468 --- [SpringApplicationShutdownHook] com.alibaba.druid.pool.DruidDataSource   : {dataSource-1} closed
2021-10-11 14:25:56.152  INFO 2680 --- [main] o.s.s.oauth.AuthServerApplication        : Starting AuthServerApplication using Java 12 on WORK with PID 2680 (D:\Project\oauth2\spring-security-oauth2\auth-server\target\classes started by Administrator in D:\Project\oauth2\spring-security-oauth2)
2021-10-11 14:25:56.167  INFO 2680 --- [main] o.s.s.oauth.AuthServerApplication        : No active profile set, falling back to default profiles: default
2021-10-11 14:25:58.465  INFO 2680 --- [main] .s.d.r.c.RepositoryConfigurationDelegate : Multiple Spring Data modules found, entering strict repository configuration mode!
2021-10-11 14:25:58.465  INFO 2680 --- [main] .s.d.r.c.RepositoryConfigurationDelegate : Bootstrapping Spring Data Redis repositories in DEFAULT mode.
2021-10-11 14:25:58.559  INFO 2680 --- [main] .s.d.r.c.RepositoryConfigurationDelegate : Finished Spring Data repository scanning in 64 ms. Found 0 Redis repository interfaces.
2021-10-11 14:26:03.918  WARN 2680 --- [main] o.m.s.mapper.ClassPathMapperScanner      : No MyBatis mapper was found in '[org.springframework.security.oauth]' package. Please check your configuration.
2021-10-11 14:26:04.934  INFO 2680 --- [main] o.s.cloud.context.scope.GenericScope     : BeanFactory id=6de1aaef-818e-3a2a-99d1-c67dc848934e
2021-10-11 14:26:06.855  INFO 2680 --- [main] o.s.b.w.embedded.tomcat.TomcatWebServer  : Tomcat initialized with port(s): 8090 (http)
2021-10-11 14:26:06.871  INFO 2680 --- [main] o.apache.catalina.core.StandardService   : Starting service [Tomcat]
2021-10-11 14:26:06.871  INFO 2680 --- [main] org.apache.catalina.core.StandardEngine  : Starting Servlet engine: [Apache Tomcat/9.0.46]
2021-10-11 14:26:07.167  INFO 2680 --- [main] o.a.c.c.C.[Tomcat].[localhost].[/]       : Initializing Spring embedded WebApplicationContext
2021-10-11 14:26:07.167  INFO 2680 --- [main] w.s.c.ServletWebServerApplicationContext : Root WebApplicationContext: initialization completed in 10890 ms
2021-10-11 14:26:07.824  INFO 2680 --- [main] c.a.d.s.b.a.DruidDataSourceAutoConfigure : Init DruidDataSource
2021-10-11 14:26:08.074  INFO 2680 --- [main] com.alibaba.druid.pool.DruidDataSource   : {dataSource-1} inited
2021-10-11 14:26:09.887  INFO 2680 --- [main] o.s.s.web.DefaultSecurityFilterChain     : Will secure Ant [pattern='/webjars/**'] with []
2021-10-11 14:26:09.887  INFO 2680 --- [main] o.s.s.web.DefaultSecurityFilterChain     : Will secure Ant [pattern='/resources/**'] with []
2021-10-11 14:26:09.980  INFO 2680 --- [main] o.s.s.web.DefaultSecurityFilterChain     : Will secure Or [Ant [pattern='/oauth/token'], Ant [pattern='/oauth/token_key'], Ant [pattern='/oauth/check_token']] with [org.springframework.security.web.context.request.async.WebAsyncManagerIntegrationFilter@5342032a, org.springframework.security.web.context.SecurityContextPersistenceFilter@5ae16aa, org.springframework.security.web.header.HeaderWriterFilter@8c18bde, org.springframework.security.web.authentication.logout.LogoutFilter@44da745f, org.springframework.security.oauth2.provider.client.ClientCredentialsTokenEndpointFilter@438c0aaf, org.springframework.security.web.authentication.www.BasicAuthenticationFilter@5ba36c83, org.springframework.security.web.savedrequest.RequestCacheAwareFilter@344a065a, org.springframework.security.web.servletapi.SecurityContextHolderAwareRequestFilter@31c0c7e5, org.springframework.security.web.authentication.AnonymousAuthenticationFilter@239d9cb7, org.springframework.security.web.session.SessionManagementFilter@6719f206, org.springframework.security.web.access.ExceptionTranslationFilter@320ba79f, org.springframework.security.web.access.intercept.FilterSecurityInterceptor@31b91435]
2021-10-11 14:26:09.996  INFO 2680 --- [main] o.s.s.web.DefaultSecurityFilterChain     : Will secure any request with [org.springframework.security.web.context.request.async.WebAsyncManagerIntegrationFilter@18c60d81, org.springframework.security.web.context.SecurityContextPersistenceFilter@6f0ae0ee, org.springframework.security.web.header.HeaderWriterFilter@796642ae, org.springframework.security.web.csrf.CsrfFilter@19fc0ef7, org.springframework.security.web.authentication.logout.LogoutFilter@6e23ba17, org.springframework.security.web.authentication.UsernamePasswordAuthenticationFilter@5eef8a16, org.springframework.security.web.authentication.ui.DefaultLoginPageGeneratingFilter@7682bf66, org.springframework.security.web.authentication.ui.DefaultLogoutPageGeneratingFilter@602aeb87, org.springframework.security.web.authentication.www.BasicAuthenticationFilter@1405aa6a, org.springframework.security.web.savedrequest.RequestCacheAwareFilter@6de9bba2, org.springframework.security.web.servletapi.SecurityContextHolderAwareRequestFilter@2651e783, org.springframework.security.web.authentication.AnonymousAuthenticationFilter@423762ae, org.springframework.security.web.session.SessionManagementFilter@16f8df70, org.springframework.security.web.access.ExceptionTranslationFilter@6d5de79a, org.springframework.security.web.access.intercept.FilterSecurityInterceptor@20db19ff]
2021-10-11 14:26:10.558  INFO 2680 --- [main] t.m.m.autoconfigure.MapperCacheDisabler  : Clear tk.mybatis.mapper.util.MsUtil CLASS_CACHE cache.
2021-10-11 14:26:10.558  INFO 2680 --- [main] t.m.m.autoconfigure.MapperCacheDisabler  : Clear tk.mybatis.mapper.genid.GenIdUtil CACHE cache.
2021-10-11 14:26:10.574  INFO 2680 --- [main] t.m.m.autoconfigure.MapperCacheDisabler  : Clear tk.mybatis.mapper.version.VersionUtil CACHE cache.
2021-10-11 14:26:10.574  INFO 2680 --- [main] t.m.m.autoconfigure.MapperCacheDisabler  : Clear EntityHelper entityTableMap cache.
2021-10-11 14:26:16.987  WARN 2680 --- [main] s.o.SpringCloudSecurityAutoConfiguration : All Spring Cloud Security modules and starters are deprecated. They will be moved to individual projects in the next major release.
2021-10-11 14:26:17.019  INFO 2680 --- [main] o.s.b.a.e.web.EndpointLinksResolver      : Exposing 1 endpoint(s) beneath base path '/actuator'
2021-10-11 14:26:17.206  INFO 2680 --- [main] o.s.b.w.embedded.tomcat.TomcatWebServer  : Tomcat started on port(s): 8090 (http) with context path ''
2021-10-11 14:26:17.284  INFO 2680 --- [main] o.s.s.oauth.AuthServerApplication        : Started AuthServerApplication in 27.991 seconds (JVM running for 32.188)
2021-10-11 14:26:18.081  INFO 2680 --- [RMI TCP Connection(4)-20.0.3.3] o.a.c.c.C.[Tomcat].[localhost].[/]       : Initializing Spring DispatcherServlet 'dispatcherServlet'
2021-10-11 14:26:18.081  INFO 2680 --- [RMI TCP Connection(4)-20.0.3.3] o.s.web.servlet.DispatcherServlet        : Initializing Servlet 'dispatcherServlet'
2021-10-11 14:26:18.128  INFO 2680 --- [RMI TCP Connection(4)-20.0.3.3] o.s.web.servlet.DispatcherServlet        : Completed initialization in 47 ms
2021-10-11 14:28:11.037 ERROR 2680 --- [http-nio-8090-exec-8] c.a.druid.pool.DruidAbstractDataSource   : discard long time none received connection. , jdbcUrl : jdbc:mysql://20.0.3.106:3306/oauth2?characterEncodeing=utf-8&useSSL=false&serverTimezone=Asia/Shanghai, jdbcUrl : jdbc:mysql://20.0.3.106:3306/oauth2?characterEncodeing=utf-8&useSSL=false&serverTimezone=Asia/Shanghai, lastPacketReceivedIdleMillis : 119151
2021-10-11 14:28:11.065 DEBUG 2680 --- [http-nio-8090-exec-8] o.s.s.o.m.O.selectUser                   : ==>  Preparing: SELECT * from oauth_extend_user_details WHERE username = ?;
2021-10-11 14:28:16.980 DEBUG 2680 --- [http-nio-8090-exec-8] o.s.s.o.m.O.selectUser                   : ==> Parameters: admin(String)
2021-10-11 14:28:17.065 DEBUG 2680 --- [http-nio-8090-exec-8] o.s.s.o.m.O.selectUser                   : <==      Total: 1
2021-10-11 14:28:17.091 DEBUG 2680 --- [http-nio-8090-exec-8] o.s.s.o.m.O.selectRole                   : ==>  Preparing: SELECT * FROM oauth_extend_authority a INNER JOIN oauth_extend_user_authority ua ON a.id = ua.authority_id INNER JOIN oauth_extend_user_details ud ON ua.user_id = ud.id WHERE ud.id = ?;
2021-10-11 14:28:17.092 DEBUG 2680 --- [http-nio-8090-exec-8] o.s.s.o.m.O.selectRole                   : ==> Parameters: 1(Integer)
2021-10-11 14:28:17.096 DEBUG 2680 --- [http-nio-8090-exec-8] o.s.s.o.m.O.selectRole                   : <==      Total: 2
2021-10-11 14:28:17.330 DEBUG 2680 --- [http-nio-8090-exec-10] o.s.jdbc.core.JdbcTemplate               : Executing prepared SQL query
2021-10-11 14:28:17.338 DEBUG 2680 --- [http-nio-8090-exec-10] o.s.jdbc.core.JdbcTemplate               : Executing prepared SQL statement [select client_id, client_secret, resource_ids, scope, authorized_grant_types, web_server_redirect_uri, authorities, access_token_validity, refresh_token_validity, additional_information, autoapprove from oauth_client_details where client_id = ?]
2021-10-11 14:28:17.342 TRACE 2680 --- [http-nio-8090-exec-10] o.s.jdbc.core.StatementCreatorUtils      : Setting SQL statement parameter value: column index 1, parameter value [messaging-client], value class [java.lang.String], SQL type unknown
2021-10-11 14:28:17.358 DEBUG 2680 --- [http-nio-8090-exec-10] o.s.jdbc.core.JdbcTemplate               : Executing prepared SQL query
2021-10-11 14:28:17.359 DEBUG 2680 --- [http-nio-8090-exec-10] o.s.jdbc.core.JdbcTemplate               : Executing prepared SQL statement [select client_id, client_secret, resource_ids, scope, authorized_grant_types, web_server_redirect_uri, authorities, access_token_validity, refresh_token_validity, additional_information, autoapprove from oauth_client_details where client_id = ?]
2021-10-11 14:28:17.360 TRACE 2680 --- [http-nio-8090-exec-10] o.s.jdbc.core.StatementCreatorUtils      : Setting SQL statement parameter value: column index 1, parameter value [messaging-client], value class [java.lang.String], SQL type unknown
2021-10-11 14:28:17.366 DEBUG 2680 --- [http-nio-8090-exec-10] o.s.jdbc.core.JdbcTemplate               : Executing prepared SQL query
2021-10-11 14:28:17.366 DEBUG 2680 --- [http-nio-8090-exec-10] o.s.jdbc.core.JdbcTemplate               : Executing prepared SQL statement [select client_id, client_secret, resource_ids, scope, authorized_grant_types, web_server_redirect_uri, authorities, access_token_validity, refresh_token_validity, additional_information, autoapprove from oauth_client_details where client_id = ?]
2021-10-11 14:28:17.368 TRACE 2680 --- [http-nio-8090-exec-10] o.s.jdbc.core.StatementCreatorUtils      : Setting SQL statement parameter value: column index 1, parameter value [messaging-client], value class [java.lang.String], SQL type unknown
2021-10-11 14:28:17.390 DEBUG 2680 --- [http-nio-8090-exec-10] o.s.jdbc.core.JdbcTemplate               : Executing prepared SQL query
2021-10-11 14:28:17.390 DEBUG 2680 --- [http-nio-8090-exec-10] o.s.jdbc.core.JdbcTemplate               : Executing prepared SQL statement [select client_id, client_secret, resource_ids, scope, authorized_grant_types, web_server_redirect_uri, authorities, access_token_validity, refresh_token_validity, additional_information, autoapprove from oauth_client_details where client_id = ?]
2021-10-11 14:28:17.426 TRACE 2680 --- [http-nio-8090-exec-10] o.s.jdbc.core.StatementCreatorUtils      : Setting SQL statement parameter value: column index 1, parameter value [messaging-client], value class [java.lang.String], SQL type unknown
2021-10-11 14:28:17.433 DEBUG 2680 --- [http-nio-8090-exec-10] o.s.jdbc.core.JdbcTemplate               : Executing prepared SQL query
2021-10-11 14:28:17.434 DEBUG 2680 --- [http-nio-8090-exec-10] o.s.jdbc.core.JdbcTemplate               : Executing prepared SQL statement [select expiresAt,status,lastModifiedAt,userId,clientId,scope from oauth_approvals where userId=? and clientId=?]
2021-10-11 14:28:17.435 TRACE 2680 --- [http-nio-8090-exec-10] o.s.jdbc.core.StatementCreatorUtils      : Setting SQL statement parameter value: column index 1, parameter value [admin], value class [java.lang.String], SQL type unknown
2021-10-11 14:28:17.436 TRACE 2680 --- [http-nio-8090-exec-10] o.s.jdbc.core.StatementCreatorUtils      : Setting SQL statement parameter value: column index 2, parameter value [messaging-client], value class [java.lang.String], SQL type unknown
2021-10-11 14:28:17.485 DEBUG 2680 --- [http-nio-8090-exec-10] o.s.jdbc.core.JdbcTemplate               : Executing prepared SQL update
2021-10-11 14:28:17.486 DEBUG 2680 --- [http-nio-8090-exec-10] o.s.jdbc.core.JdbcTemplate               : Executing prepared SQL statement [insert into oauth_code (code, authentication) values (?, ?)]
2021-10-11 14:28:17.487 TRACE 2680 --- [http-nio-8090-exec-10] o.s.jdbc.core.StatementCreatorUtils      : Setting SQL statement parameter value: column index 1, parameter value [L0ijm3], value class [java.lang.String], SQL type 12
2021-10-11 14:28:17.488 TRACE 2680 --- [http-nio-8090-exec-10] o.s.jdbc.core.StatementCreatorUtils      : Setting SQL statement parameter value: column index 2, parameter value [org.springframework.jdbc.core.support.SqlLobValue@7893213a], value class [org.springframework.jdbc.core.support.SqlLobValue], SQL type 2004
2021-10-11 14:32:00.269 DEBUG 2680 --- [http-nio-8090-exec-2] o.s.jdbc.core.JdbcTemplate               : Executing prepared SQL query
2021-10-11 14:32:00.339 DEBUG 2680 --- [http-nio-8090-exec-2] o.s.jdbc.core.JdbcTemplate               : Executing prepared SQL statement [select client_id, client_secret, resource_ids, scope, authorized_grant_types, web_server_redirect_uri, authorities, access_token_validity, refresh_token_validity, additional_information, autoapprove from oauth_client_details where client_id = ?]
2021-10-11 14:32:00.356 ERROR 2680 --- [http-nio-8090-exec-2] c.a.druid.pool.DruidAbstractDataSource   : discard long time none received connection. , jdbcUrl : jdbc:mysql://20.0.3.106:3306/oauth2?characterEncodeing=utf-8&useSSL=false&serverTimezone=Asia/Shanghai, jdbcUrl : jdbc:mysql://20.0.3.106:3306/oauth2?characterEncodeing=utf-8&useSSL=false&serverTimezone=Asia/Shanghai, lastPacketReceivedIdleMillis : 222859
2021-10-11 14:32:00.456 TRACE 2680 --- [http-nio-8090-exec-2] o.s.jdbc.core.StatementCreatorUtils      : Setting SQL statement parameter value: column index 1, parameter value [messaging-client], value class [java.lang.String], SQL type unknown
2021-10-11 14:32:00.977 DEBUG 2680 --- [http-nio-8090-exec-2] o.s.jdbc.core.JdbcTemplate               : Executing prepared SQL query
2021-10-11 14:32:00.978 DEBUG 2680 --- [http-nio-8090-exec-2] o.s.jdbc.core.JdbcTemplate               : Executing prepared SQL statement [select client_id, client_secret, resource_ids, scope, authorized_grant_types, web_server_redirect_uri, authorities, access_token_validity, refresh_token_validity, additional_information, autoapprove from oauth_client_details where client_id = ?]
2021-10-11 14:32:00.983 TRACE 2680 --- [http-nio-8090-exec-2] o.s.jdbc.core.StatementCreatorUtils      : Setting SQL statement parameter value: column index 1, parameter value [messaging-client], value class [java.lang.String], SQL type unknown
2021-10-11 14:32:00.989 DEBUG 2680 --- [http-nio-8090-exec-2] o.s.jdbc.core.JdbcTemplate               : Executing prepared SQL query
2021-10-11 14:32:00.991 DEBUG 2680 --- [http-nio-8090-exec-2] o.s.jdbc.core.JdbcTemplate               : Executing prepared SQL statement [select client_id, client_secret, resource_ids, scope, authorized_grant_types, web_server_redirect_uri, authorities, access_token_validity, refresh_token_validity, additional_information, autoapprove from oauth_client_details where client_id = ?]
2021-10-11 14:32:00.993 TRACE 2680 --- [http-nio-8090-exec-2] o.s.jdbc.core.StatementCreatorUtils      : Setting SQL statement parameter value: column index 1, parameter value [messaging-client], value class [java.lang.String], SQL type unknown
2021-10-11 14:32:01.031 DEBUG 2680 --- [http-nio-8090-exec-2] o.s.jdbc.core.JdbcTemplate               : Executing prepared SQL query
2021-10-11 14:32:01.033 DEBUG 2680 --- [http-nio-8090-exec-2] o.s.jdbc.core.JdbcTemplate               : Executing prepared SQL statement [select client_id, client_secret, resource_ids, scope, authorized_grant_types, web_server_redirect_uri, authorities, access_token_validity, refresh_token_validity, additional_information, autoapprove from oauth_client_details where client_id = ?]
2021-10-11 14:32:01.034 TRACE 2680 --- [http-nio-8090-exec-2] o.s.jdbc.core.StatementCreatorUtils      : Setting SQL statement parameter value: column index 1, parameter value [messaging-client], value class [java.lang.String], SQL type unknown
2021-10-11 14:32:01.042 DEBUG 2680 --- [http-nio-8090-exec-2] o.s.jdbc.core.JdbcTemplate               : Executing prepared SQL query
2021-10-11 14:32:01.042 DEBUG 2680 --- [http-nio-8090-exec-2] o.s.jdbc.core.JdbcTemplate               : Executing prepared SQL statement [select code, authentication from oauth_code where code = ?]
2021-10-11 14:32:01.044 TRACE 2680 --- [http-nio-8090-exec-2] o.s.jdbc.core.StatementCreatorUtils      : Setting SQL statement parameter value: column index 1, parameter value [L0ijm3], value class [java.lang.String], SQL type unknown
2021-10-11 14:32:01.088 DEBUG 2680 --- [http-nio-8090-exec-2] o.s.jdbc.core.JdbcTemplate               : Executing prepared SQL update
2021-10-11 14:32:01.089 DEBUG 2680 --- [http-nio-8090-exec-2] o.s.jdbc.core.JdbcTemplate               : Executing prepared SQL statement [delete from oauth_code where code = ?]
2021-10-11 14:32:01.094 TRACE 2680 --- [http-nio-8090-exec-2] o.s.jdbc.core.StatementCreatorUtils      : Setting SQL statement parameter value: column index 1, parameter value [L0ijm3], value class [java.lang.String], SQL type unknown
2021-10-11 14:32:01.135 DEBUG 2680 --- [http-nio-8090-exec-2] o.s.jdbc.core.JdbcTemplate               : Executing prepared SQL query
2021-10-11 14:32:01.136 DEBUG 2680 --- [http-nio-8090-exec-2] o.s.jdbc.core.JdbcTemplate               : Executing prepared SQL statement [select token_id, token from oauth_access_token where authentication_id = ?]
2021-10-11 14:32:01.137 TRACE 2680 --- [http-nio-8090-exec-2] o.s.jdbc.core.StatementCreatorUtils      : Setting SQL statement parameter value: column index 1, parameter value [6a9b94be445b093cbdc325128bb6b8f8], value class [java.lang.String], SQL type unknown
2021-10-11 14:32:01.182 DEBUG 2680 --- [http-nio-8090-exec-2] o.s.jdbc.core.JdbcTemplate               : Executing prepared SQL query
2021-10-11 14:32:01.183 DEBUG 2680 --- [http-nio-8090-exec-2] o.s.jdbc.core.JdbcTemplate               : Executing prepared SQL statement [select token_id, authentication from oauth_access_token where token_id = ?]
2021-10-11 14:32:01.186 TRACE 2680 --- [http-nio-8090-exec-2] o.s.jdbc.core.StatementCreatorUtils      : Setting SQL statement parameter value: column index 1, parameter value [8e6bd5084d037da31f3f6d798195f9f5], value class [java.lang.String], SQL type unknown
2021-10-11 14:32:01.197 DEBUG 2680 --- [http-nio-8090-exec-2] o.s.jdbc.core.JdbcTemplate               : Executing prepared SQL query
2021-10-11 14:32:01.197 DEBUG 2680 --- [http-nio-8090-exec-2] o.s.jdbc.core.JdbcTemplate               : Executing prepared SQL statement [select token_id, token from oauth_access_token where token_id = ?]
2021-10-11 14:32:01.198 TRACE 2680 --- [http-nio-8090-exec-2] o.s.jdbc.core.StatementCreatorUtils      : Setting SQL statement parameter value: column index 1, parameter value [8e6bd5084d037da31f3f6d798195f9f5], value class [java.lang.String], SQL type unknown
2021-10-11 14:32:01.204 DEBUG 2680 --- [http-nio-8090-exec-2] o.s.jdbc.core.JdbcTemplate               : Executing prepared SQL update
2021-10-11 14:32:01.204 DEBUG 2680 --- [http-nio-8090-exec-2] o.s.jdbc.core.JdbcTemplate               : Executing prepared SQL statement [delete from oauth_access_token where token_id = ?]
2021-10-11 14:32:01.206 TRACE 2680 --- [http-nio-8090-exec-2] o.s.jdbc.core.StatementCreatorUtils      : Setting SQL statement parameter value: column index 1, parameter value [8e6bd5084d037da31f3f6d798195f9f5], value class [java.lang.String], SQL type unknown
2021-10-11 14:32:01.214 DEBUG 2680 --- [http-nio-8090-exec-2] o.s.jdbc.core.JdbcTemplate               : Executing prepared SQL update
2021-10-11 14:32:01.214 DEBUG 2680 --- [http-nio-8090-exec-2] o.s.jdbc.core.JdbcTemplate               : Executing prepared SQL statement [insert into oauth_access_token (token_id, token, authentication_id, user_name, client_id, authentication, refresh_token) values (?, ?, ?, ?, ?, ?, ?)]
2021-10-11 14:32:01.218 TRACE 2680 --- [http-nio-8090-exec-2] o.s.jdbc.core.StatementCreatorUtils      : Setting SQL statement parameter value: column index 1, parameter value [8e6bd5084d037da31f3f6d798195f9f5], value class [java.lang.String], SQL type 12
2021-10-11 14:32:01.228 TRACE 2680 --- [http-nio-8090-exec-2] o.s.jdbc.core.StatementCreatorUtils      : Setting SQL statement parameter value: column index 2, parameter value [org.springframework.jdbc.core.support.SqlLobValue@4f3ee963], value class [org.springframework.jdbc.core.support.SqlLobValue], SQL type 2004
2021-10-11 14:32:01.229 TRACE 2680 --- [http-nio-8090-exec-2] o.s.jdbc.core.StatementCreatorUtils      : Setting SQL statement parameter value: column index 3, parameter value [6a9b94be445b093cbdc325128bb6b8f8], value class [java.lang.String], SQL type 12
2021-10-11 14:32:01.229 TRACE 2680 --- [http-nio-8090-exec-2] o.s.jdbc.core.StatementCreatorUtils      : Setting SQL statement parameter value: column index 4, parameter value [admin], value class [java.lang.String], SQL type 12
2021-10-11 14:32:01.229 TRACE 2680 --- [http-nio-8090-exec-2] o.s.jdbc.core.StatementCreatorUtils      : Setting SQL statement parameter value: column index 5, parameter value [messaging-client], value class [java.lang.String], SQL type 12
2021-10-11 14:32:01.229 TRACE 2680 --- [http-nio-8090-exec-2] o.s.jdbc.core.StatementCreatorUtils      : Setting SQL statement parameter value: column index 6, parameter value [org.springframework.jdbc.core.support.SqlLobValue@3ea2bc8f], value class [org.springframework.jdbc.core.support.SqlLobValue], SQL type 2004
2021-10-11 14:32:01.230 TRACE 2680 --- [http-nio-8090-exec-2] o.s.jdbc.core.StatementCreatorUtils      : Setting SQL statement parameter value: column index 7, parameter value [fb1b23df5597ecaba8e5b2c447ce02f9], value class [java.lang.String], SQL type 12
2021-10-11 14:38:18.798  INFO 2680 --- [SpringApplicationShutdownHook] com.alibaba.druid.pool.DruidDataSource   : {dataSource-1} closing ...
2021-10-11 14:38:18.814  INFO 2680 --- [SpringApplicationShutdownHook] com.alibaba.druid.pool.DruidDataSource   : {dataSource-1} closed
2021-10-11 15:32:43.567  INFO 8836 --- [main] o.s.s.oauth.AuthServerApplication        : Starting AuthServerApplication using Java 12 on WORK with PID 8836 (D:\Project\oauth2\spring-security-oauth2\auth-server\target\classes started by Administrator in D:\Project\oauth2\spring-security-oauth2)
2021-10-11 15:32:43.567  INFO 8836 --- [main] o.s.s.oauth.AuthServerApplication        : No active profile set, falling back to default profiles: default
2021-10-11 15:32:48.385  INFO 8836 --- [main] .s.d.r.c.RepositoryConfigurationDelegate : Multiple Spring Data modules found, entering strict repository configuration mode!
2021-10-11 15:32:48.393  INFO 8836 --- [main] .s.d.r.c.RepositoryConfigurationDelegate : Bootstrapping Spring Data Redis repositories in DEFAULT mode.
2021-10-11 15:32:48.491  INFO 8836 --- [main] .s.d.r.c.RepositoryConfigurationDelegate : Finished Spring Data repository scanning in 69 ms. Found 0 Redis repository interfaces.
2021-10-11 15:32:56.104  WARN 8836 --- [main] o.m.s.mapper.ClassPathMapperScanner      : No MyBatis mapper was found in '[org.springframework.security.oauth]' package. Please check your configuration.
2021-10-11 15:32:56.354  INFO 8836 --- [main] o.s.cloud.context.scope.GenericScope     : BeanFactory id=f0509d66-6591-343a-b887-10334a99b134
2021-10-11 15:32:57.261  INFO 8836 --- [main] o.s.b.w.embedded.tomcat.TomcatWebServer  : Tomcat initialized with port(s): 8090 (http)
2021-10-11 15:32:57.276  INFO 8836 --- [main] o.apache.catalina.core.StandardService   : Starting service [Tomcat]
2021-10-11 15:32:57.276  INFO 8836 --- [main] org.apache.catalina.core.StandardEngine  : Starting Servlet engine: [Apache Tomcat/9.0.46]
2021-10-11 15:32:57.557  INFO 8836 --- [main] o.a.c.c.C.[Tomcat].[localhost].[/]       : Initializing Spring embedded WebApplicationContext
2021-10-11 15:32:57.557  INFO 8836 --- [main] w.s.c.ServletWebServerApplicationContext : Root WebApplicationContext: initialization completed in 13865 ms
2021-10-11 15:32:58.732  INFO 8836 --- [main] c.a.d.s.b.a.DruidDataSourceAutoConfigure : Init DruidDataSource
2021-10-11 15:32:59.092  INFO 8836 --- [main] com.alibaba.druid.pool.DruidDataSource   : {dataSource-1} inited
2021-10-11 15:33:01.472  INFO 8836 --- [main] o.s.s.web.DefaultSecurityFilterChain     : Will secure Ant [pattern='/webjars/**'] with []
2021-10-11 15:33:01.472  INFO 8836 --- [main] o.s.s.web.DefaultSecurityFilterChain     : Will secure Ant [pattern='/resources/**'] with []
2021-10-11 15:33:01.535  INFO 8836 --- [main] o.s.s.web.DefaultSecurityFilterChain     : Will secure Or [Ant [pattern='/oauth/token'], Ant [pattern='/oauth/token_key'], Ant [pattern='/oauth/check_token']] with [org.springframework.security.web.context.request.async.WebAsyncManagerIntegrationFilter@1468fc85, org.springframework.security.web.context.SecurityContextPersistenceFilter@b5390, org.springframework.security.web.header.HeaderWriterFilter@6c46dc02, org.springframework.security.web.authentication.logout.LogoutFilter@757c685d, org.springframework.security.oauth2.provider.client.ClientCredentialsTokenEndpointFilter@4c91f5bf, org.springframework.security.web.authentication.www.BasicAuthenticationFilter@1614499b, org.springframework.security.web.savedrequest.RequestCacheAwareFilter@59831016, org.springframework.security.web.servletapi.SecurityContextHolderAwareRequestFilter@178c6261, org.springframework.security.web.authentication.AnonymousAuthenticationFilter@47f39279, org.springframework.security.web.session.SessionManagementFilter@5606d537, org.springframework.security.web.access.ExceptionTranslationFilter@594c66c3, org.springframework.security.web.access.intercept.FilterSecurityInterceptor@30a20fb3]
2021-10-11 15:33:02.609  INFO 8836 --- [main] o.s.b.a.e.web.EndpointLinksResolver      : Exposing 1 endpoint(s) beneath base path '/actuator'
2021-10-11 15:33:02.625  INFO 8836 --- [main] o.s.s.web.DefaultSecurityFilterChain     : Will secure any request with [org.springframework.security.web.context.request.async.WebAsyncManagerIntegrationFilter@7c8a91e2, org.springframework.security.web.context.SecurityContextPersistenceFilter@574327ed, org.springframework.security.web.header.HeaderWriterFilter@4e933cf1, org.springframework.web.filter.CorsFilter@c7443f, org.springframework.security.web.authentication.logout.LogoutFilter@73b3ce31, org.springframework.security.web.authentication.UsernamePasswordAuthenticationFilter@6761f75b, org.springframework.security.web.savedrequest.RequestCacheAwareFilter@4c7f2fdb, org.springframework.security.web.servletapi.SecurityContextHolderAwareRequestFilter@1b5cf611, org.springframework.security.web.authentication.AnonymousAuthenticationFilter@74e175c7, org.springframework.security.web.session.SessionManagementFilter@729a9c3d, org.springframework.security.web.access.ExceptionTranslationFilter@58486deb, org.springframework.security.web.access.intercept.FilterSecurityInterceptor@78e7b83]
2021-10-11 15:33:02.641  INFO 8836 --- [main] o.s.s.web.DefaultSecurityFilterChain     : Will secure any request with [org.springframework.security.web.context.request.async.WebAsyncManagerIntegrationFilter@6a8bcb64, org.springframework.security.web.context.SecurityContextPersistenceFilter@3e24bab6, org.springframework.security.web.header.HeaderWriterFilter@ca2a03f, org.springframework.security.web.csrf.CsrfFilter@7901a5ab, org.springframework.security.web.authentication.logout.LogoutFilter@641cea11, org.springframework.security.web.authentication.UsernamePasswordAuthenticationFilter@263e512e, org.springframework.security.web.authentication.ui.DefaultLoginPageGeneratingFilter@1b53e6fc, org.springframework.security.web.authentication.ui.DefaultLogoutPageGeneratingFilter@7c680fe1, org.springframework.security.web.authentication.www.BasicAuthenticationFilter@62c42a3, org.springframework.security.web.savedrequest.RequestCacheAwareFilter@2ba9ed19, org.springframework.security.web.servletapi.SecurityContextHolderAwareRequestFilter@3293030b, org.springframework.security.web.authentication.AnonymousAuthenticationFilter@288b8663, org.springframework.security.web.session.SessionManagementFilter@4a7c72af, org.springframework.security.web.access.ExceptionTranslationFilter@7f9d40b3, org.springframework.security.web.access.intercept.FilterSecurityInterceptor@192ecf8]
2021-10-11 15:33:02.906  INFO 8836 --- [main] t.m.m.autoconfigure.MapperCacheDisabler  : Clear tk.mybatis.mapper.util.MsUtil CLASS_CACHE cache.
2021-10-11 15:33:02.906  INFO 8836 --- [main] t.m.m.autoconfigure.MapperCacheDisabler  : Clear tk.mybatis.mapper.genid.GenIdUtil CACHE cache.
2021-10-11 15:33:02.906  INFO 8836 --- [main] t.m.m.autoconfigure.MapperCacheDisabler  : Clear tk.mybatis.mapper.version.VersionUtil CACHE cache.
2021-10-11 15:33:02.906  INFO 8836 --- [main] t.m.m.autoconfigure.MapperCacheDisabler  : Clear EntityHelper entityTableMap cache.
2021-10-11 15:33:09.006  WARN 8836 --- [main] s.o.SpringCloudSecurityAutoConfiguration : All Spring Cloud Security modules and starters are deprecated. They will be moved to individual projects in the next major release.
2021-10-11 15:33:09.176  INFO 8836 --- [main] o.s.b.w.embedded.tomcat.TomcatWebServer  : Tomcat started on port(s): 8090 (http) with context path ''
2021-10-11 15:33:09.319  INFO 8836 --- [main] o.s.s.oauth.AuthServerApplication        : Started AuthServerApplication in 32.737 seconds (JVM running for 37.393)
2021-10-11 15:33:09.960  INFO 8836 --- [RMI TCP Connection(2)-20.0.3.3] o.a.c.c.C.[Tomcat].[localhost].[/]       : Initializing Spring DispatcherServlet 'dispatcherServlet'
2021-10-11 15:33:09.962  INFO 8836 --- [RMI TCP Connection(2)-20.0.3.3] o.s.web.servlet.DispatcherServlet        : Initializing Servlet 'dispatcherServlet'
2021-10-11 15:33:09.963  INFO 8836 --- [RMI TCP Connection(2)-20.0.3.3] o.s.web.servlet.DispatcherServlet        : Completed initialization in 1 ms
2021-10-11 15:36:14.414 ERROR 8836 --- [http-nio-8090-exec-3] c.a.druid.pool.DruidAbstractDataSource   : discard long time none received connection. , jdbcUrl : jdbc:mysql://20.0.3.106:3306/oauth2?characterEncodeing=utf-8&useSSL=false&serverTimezone=Asia/Shanghai, jdbcUrl : jdbc:mysql://20.0.3.106:3306/oauth2?characterEncodeing=utf-8&useSSL=false&serverTimezone=Asia/Shanghai, lastPacketReceivedIdleMillis : 190790
2021-10-11 15:36:14.414 DEBUG 8836 --- [http-nio-8090-exec-3] o.s.s.o.m.O.selectUser                   : ==>  Preparing: SELECT * from oauth_extend_user_details WHERE username = ?;
2021-10-11 15:36:14.429 DEBUG 8836 --- [http-nio-8090-exec-4] o.s.s.o.m.O.selectUser                   : ==>  Preparing: SELECT * from oauth_extend_user_details WHERE username = ?;
2021-10-11 15:36:14.460 DEBUG 8836 --- [http-nio-8090-exec-4] o.s.s.o.m.O.selectUser                   : ==> Parameters: admin(String)
2021-10-11 15:36:14.460 DEBUG 8836 --- [http-nio-8090-exec-3] o.s.s.o.m.O.selectUser                   : ==> Parameters: admin(String)
2021-10-11 15:36:14.492 DEBUG 8836 --- [http-nio-8090-exec-4] o.s.s.o.m.O.selectUser                   : <==      Total: 1
2021-10-11 15:36:14.492 DEBUG 8836 --- [http-nio-8090-exec-3] o.s.s.o.m.O.selectUser                   : <==      Total: 1
2021-10-11 15:36:14.507 DEBUG 8836 --- [http-nio-8090-exec-3] o.s.s.o.m.O.selectRole                   : ==>  Preparing: SELECT * FROM oauth_extend_authority a INNER JOIN oauth_extend_user_authority ua ON a.id = ua.authority_id INNER JOIN oauth_extend_user_details ud ON ua.user_id = ud.id WHERE ud.id = ?;
2021-10-11 15:36:14.507 DEBUG 8836 --- [http-nio-8090-exec-3] o.s.s.o.m.O.selectRole                   : ==> Parameters: 1(Integer)
2021-10-11 15:36:14.507 DEBUG 8836 --- [http-nio-8090-exec-3] o.s.s.o.m.O.selectRole                   : <==      Total: 2
2021-10-11 15:36:14.601 DEBUG 8836 --- [http-nio-8090-exec-4] o.s.s.o.m.O.selectRole                   : ==>  Preparing: SELECT * FROM oauth_extend_authority a INNER JOIN oauth_extend_user_authority ua ON a.id = ua.authority_id INNER JOIN oauth_extend_user_details ud ON ua.user_id = ud.id WHERE ud.id = ?;
2021-10-11 15:36:14.601 DEBUG 8836 --- [http-nio-8090-exec-4] o.s.s.o.m.O.selectRole                   : ==> Parameters: 1(Integer)
2021-10-11 15:36:14.601 DEBUG 8836 --- [http-nio-8090-exec-4] o.s.s.o.m.O.selectRole                   : <==      Total: 2
2021-10-11 15:36:14.934  WARN 8836 --- [http-nio-8090-exec-4] o.a.c.util.SessionIdGeneratorBase        : Creation of SecureRandom instance for session ID generation using [SHA1PRNG] took [115] milliseconds.
2021-10-11 15:36:14.937  WARN 8836 --- [http-nio-8090-exec-3] o.a.c.util.SessionIdGeneratorBase        : Creation of SecureRandom instance for session ID generation using [SHA1PRNG] took [117] milliseconds.
2021-10-11 15:44:48.082 ERROR 8836 --- [http-nio-8090-exec-8] c.a.druid.pool.DruidAbstractDataSource   : discard long time none received connection. , jdbcUrl : jdbc:mysql://20.0.3.106:3306/oauth2?characterEncodeing=utf-8&useSSL=false&serverTimezone=Asia/Shanghai, jdbcUrl : jdbc:mysql://20.0.3.106:3306/oauth2?characterEncodeing=utf-8&useSSL=false&serverTimezone=Asia/Shanghai, lastPacketReceivedIdleMillis : 513479
2021-10-11 15:44:48.084 ERROR 8836 --- [http-nio-8090-exec-8] c.a.druid.pool.DruidAbstractDataSource   : discard long time none received connection. , jdbcUrl : jdbc:mysql://20.0.3.106:3306/oauth2?characterEncodeing=utf-8&useSSL=false&serverTimezone=Asia/Shanghai, jdbcUrl : jdbc:mysql://20.0.3.106:3306/oauth2?characterEncodeing=utf-8&useSSL=false&serverTimezone=Asia/Shanghai, lastPacketReceivedIdleMillis : 513608
2021-10-11 15:44:48.107 DEBUG 8836 --- [http-nio-8090-exec-10] o.s.s.o.m.O.selectUser                   : ==>  Preparing: SELECT * from oauth_extend_user_details WHERE username = ?;
2021-10-11 15:44:48.109 DEBUG 8836 --- [http-nio-8090-exec-10] o.s.s.o.m.O.selectUser                   : ==> Parameters: admin(String)
2021-10-11 15:44:48.118 DEBUG 8836 --- [http-nio-8090-exec-10] o.s.s.o.m.O.selectUser                   : <==      Total: 1
2021-10-11 15:44:48.124 DEBUG 8836 --- [http-nio-8090-exec-10] o.s.s.o.m.O.selectRole                   : ==>  Preparing: SELECT * FROM oauth_extend_authority a INNER JOIN oauth_extend_user_authority ua ON a.id = ua.authority_id INNER JOIN oauth_extend_user_details ud ON ua.user_id = ud.id WHERE ud.id = ?;
2021-10-11 15:44:48.125 DEBUG 8836 --- [http-nio-8090-exec-10] o.s.s.o.m.O.selectRole                   : ==> Parameters: 1(Integer)
2021-10-11 15:44:48.133 DEBUG 8836 --- [http-nio-8090-exec-10] o.s.s.o.m.O.selectRole                   : <==      Total: 2
2021-10-11 15:44:48.160 DEBUG 8836 --- [http-nio-8090-exec-8] o.s.s.o.m.O.selectUser                   : ==>  Preparing: SELECT * from oauth_extend_user_details WHERE username = ?;
2021-10-11 15:44:48.160 DEBUG 8836 --- [http-nio-8090-exec-8] o.s.s.o.m.O.selectUser                   : ==> Parameters: admin(String)
2021-10-11 15:44:48.164 DEBUG 8836 --- [http-nio-8090-exec-8] o.s.s.o.m.O.selectUser                   : <==      Total: 1
2021-10-11 15:44:48.166 DEBUG 8836 --- [http-nio-8090-exec-8] o.s.s.o.m.O.selectRole                   : ==>  Preparing: SELECT * FROM oauth_extend_authority a INNER JOIN oauth_extend_user_authority ua ON a.id = ua.authority_id INNER JOIN oauth_extend_user_details ud ON ua.user_id = ud.id WHERE ud.id = ?;
2021-10-11 15:44:48.167 DEBUG 8836 --- [http-nio-8090-exec-8] o.s.s.o.m.O.selectRole                   : ==> Parameters: 1(Integer)
2021-10-11 15:44:48.176 DEBUG 8836 --- [http-nio-8090-exec-8] o.s.s.o.m.O.selectRole                   : <==      Total: 2
2021-10-11 16:01:22.735 ERROR 8836 --- [http-nio-8090-exec-2] c.a.druid.pool.DruidAbstractDataSource   : discard long time none received connection. , jdbcUrl : jdbc:mysql://20.0.3.106:3306/oauth2?characterEncodeing=utf-8&useSSL=false&serverTimezone=Asia/Shanghai, jdbcUrl : jdbc:mysql://20.0.3.106:3306/oauth2?characterEncodeing=utf-8&useSSL=false&serverTimezone=Asia/Shanghai, lastPacketReceivedIdleMillis : 994561
2021-10-11 16:01:22.798 ERROR 8836 --- [http-nio-8090-exec-2] c.a.druid.pool.DruidAbstractDataSource   : discard long time none received connection. , jdbcUrl : jdbc:mysql://20.0.3.106:3306/oauth2?characterEncodeing=utf-8&useSSL=false&serverTimezone=Asia/Shanghai, jdbcUrl : jdbc:mysql://20.0.3.106:3306/oauth2?characterEncodeing=utf-8&useSSL=false&serverTimezone=Asia/Shanghai, lastPacketReceivedIdleMillis : 994667
2021-10-11 16:01:22.818 DEBUG 8836 --- [http-nio-8090-exec-6] o.s.s.o.m.O.selectUser                   : ==>  Preparing: SELECT * from oauth_extend_user_details WHERE username = ?;
2021-10-11 16:01:22.819 DEBUG 8836 --- [http-nio-8090-exec-6] o.s.s.o.m.O.selectUser                   : ==> Parameters: admin(String)
2021-10-11 16:01:22.822 DEBUG 8836 --- [http-nio-8090-exec-6] o.s.s.o.m.O.selectUser                   : <==      Total: 1
2021-10-11 16:01:22.825 DEBUG 8836 --- [http-nio-8090-exec-6] o.s.s.o.m.O.selectRole                   : ==>  Preparing: SELECT * FROM oauth_extend_authority a INNER JOIN oauth_extend_user_authority ua ON a.id = ua.authority_id INNER JOIN oauth_extend_user_details ud ON ua.user_id = ud.id WHERE ud.id = ?;
2021-10-11 16:01:22.825 DEBUG 8836 --- [http-nio-8090-exec-6] o.s.s.o.m.O.selectRole                   : ==> Parameters: 1(Integer)
2021-10-11 16:01:22.828 DEBUG 8836 --- [http-nio-8090-exec-6] o.s.s.o.m.O.selectRole                   : <==      Total: 2
2021-10-11 16:01:22.855 DEBUG 8836 --- [http-nio-8090-exec-2] o.s.s.o.m.O.selectUser                   : ==>  Preparing: SELECT * from oauth_extend_user_details WHERE username = ?;
2021-10-11 16:01:22.855 DEBUG 8836 --- [http-nio-8090-exec-2] o.s.s.o.m.O.selectUser                   : ==> Parameters: admin(String)
2021-10-11 16:01:22.855 DEBUG 8836 --- [http-nio-8090-exec-2] o.s.s.o.m.O.selectUser                   : <==      Total: 1
2021-10-11 16:01:22.855 DEBUG 8836 --- [http-nio-8090-exec-2] o.s.s.o.m.O.selectRole                   : ==>  Preparing: SELECT * FROM oauth_extend_authority a INNER JOIN oauth_extend_user_authority ua ON a.id = ua.authority_id INNER JOIN oauth_extend_user_details ud ON ua.user_id = ud.id WHERE ud.id = ?;
2021-10-11 16:01:22.855 DEBUG 8836 --- [http-nio-8090-exec-2] o.s.s.o.m.O.selectRole                   : ==> Parameters: 1(Integer)
2021-10-11 16:01:22.855 DEBUG 8836 --- [http-nio-8090-exec-2] o.s.s.o.m.O.selectRole                   : <==      Total: 2
2021-10-11 16:05:48.297 ERROR 8836 --- [http-nio-8090-exec-10] c.a.druid.pool.DruidAbstractDataSource   : discard long time none received connection. , jdbcUrl : jdbc:mysql://20.0.3.106:3306/oauth2?characterEncodeing=utf-8&useSSL=false&serverTimezone=Asia/Shanghai, jdbcUrl : jdbc:mysql://20.0.3.106:3306/oauth2?characterEncodeing=utf-8&useSSL=false&serverTimezone=Asia/Shanghai, lastPacketReceivedIdleMillis : 265480
2021-10-11 16:05:48.312 ERROR 8836 --- [http-nio-8090-exec-10] c.a.druid.pool.DruidAbstractDataSource   : discard long time none received connection. , jdbcUrl : jdbc:mysql://20.0.3.106:3306/oauth2?characterEncodeing=utf-8&useSSL=false&serverTimezone=Asia/Shanghai, jdbcUrl : jdbc:mysql://20.0.3.106:3306/oauth2?characterEncodeing=utf-8&useSSL=false&serverTimezone=Asia/Shanghai, lastPacketReceivedIdleMillis : 265457
2021-10-11 16:05:48.328 DEBUG 8836 --- [http-nio-8090-exec-10] o.s.s.o.m.O.selectUser                   : ==>  Preparing: SELECT * from oauth_extend_user_details WHERE username = ?;
2021-10-11 16:05:48.328 DEBUG 8836 --- [http-nio-8090-exec-10] o.s.s.o.m.O.selectUser                   : ==> Parameters: admin(String)
2021-10-11 16:05:48.344 DEBUG 8836 --- [http-nio-8090-exec-10] o.s.s.o.m.O.selectUser                   : <==      Total: 1
2021-10-11 16:05:48.344 DEBUG 8836 --- [http-nio-8090-exec-10] o.s.s.o.m.O.selectRole                   : ==>  Preparing: SELECT * FROM oauth_extend_authority a INNER JOIN oauth_extend_user_authority ua ON a.id = ua.authority_id INNER JOIN oauth_extend_user_details ud ON ua.user_id = ud.id WHERE ud.id = ?;
2021-10-11 16:05:48.344 DEBUG 8836 --- [http-nio-8090-exec-10] o.s.s.o.m.O.selectRole                   : ==> Parameters: 1(Integer)
2021-10-11 16:05:48.344 DEBUG 8836 --- [http-nio-8090-exec-10] o.s.s.o.m.O.selectRole                   : <==      Total: 2
2021-10-11 16:05:48.422 DEBUG 8836 --- [http-nio-8090-exec-3] o.s.s.o.m.O.selectUser                   : ==>  Preparing: SELECT * from oauth_extend_user_details WHERE username = ?;
2021-10-11 16:05:48.422 DEBUG 8836 --- [http-nio-8090-exec-3] o.s.s.o.m.O.selectUser                   : ==> Parameters: admin(String)
2021-10-11 16:05:48.437 DEBUG 8836 --- [http-nio-8090-exec-3] o.s.s.o.m.O.selectUser                   : <==      Total: 1
2021-10-11 16:05:48.437 DEBUG 8836 --- [http-nio-8090-exec-3] o.s.s.o.m.O.selectRole                   : ==>  Preparing: SELECT * FROM oauth_extend_authority a INNER JOIN oauth_extend_user_authority ua ON a.id = ua.authority_id INNER JOIN oauth_extend_user_details ud ON ua.user_id = ud.id WHERE ud.id = ?;
2021-10-11 16:05:48.437 DEBUG 8836 --- [http-nio-8090-exec-3] o.s.s.o.m.O.selectRole                   : ==> Parameters: 1(Integer)
2021-10-11 16:05:48.437 DEBUG 8836 --- [http-nio-8090-exec-3] o.s.s.o.m.O.selectRole                   : <==      Total: 2
2021-10-11 16:16:17.109 ERROR 8836 --- [http-nio-8090-exec-6] c.a.druid.pool.DruidAbstractDataSource   : discard long time none received connection. , jdbcUrl : jdbc:mysql://20.0.3.106:3306/oauth2?characterEncodeing=utf-8&useSSL=false&serverTimezone=Asia/Shanghai, jdbcUrl : jdbc:mysql://20.0.3.106:3306/oauth2?characterEncodeing=utf-8&useSSL=false&serverTimezone=Asia/Shanghai, lastPacketReceivedIdleMillis : 628670
2021-10-11 16:16:17.120 DEBUG 8836 --- [http-nio-8090-exec-6] o.s.s.o.m.O.selectUser                   : ==>  Preparing: SELECT * from oauth_extend_user_details WHERE username = ?;
2021-10-11 16:16:17.121 DEBUG 8836 --- [http-nio-8090-exec-6] o.s.s.o.m.O.selectUser                   : ==> Parameters: admin(String)
2021-10-11 16:16:17.123 DEBUG 8836 --- [http-nio-8090-exec-6] o.s.s.o.m.O.selectUser                   : <==      Total: 1
2021-10-11 16:16:17.128 DEBUG 8836 --- [http-nio-8090-exec-6] o.s.s.o.m.O.selectRole                   : ==>  Preparing: SELECT * FROM oauth_extend_authority a INNER JOIN oauth_extend_user_authority ua ON a.id = ua.authority_id INNER JOIN oauth_extend_user_details ud ON ua.user_id = ud.id WHERE ud.id = ?;
2021-10-11 16:16:17.132 DEBUG 8836 --- [http-nio-8090-exec-6] o.s.s.o.m.O.selectRole                   : ==> Parameters: 1(Integer)
2021-10-11 16:16:17.134 DEBUG 8836 --- [http-nio-8090-exec-6] o.s.s.o.m.O.selectRole                   : <==      Total: 2
2021-10-11 16:16:17.199 DEBUG 8836 --- [http-nio-8090-exec-7] o.s.s.o.m.O.selectUser                   : ==>  Preparing: SELECT * from oauth_extend_user_details WHERE username = ?;
2021-10-11 16:16:17.199 DEBUG 8836 --- [http-nio-8090-exec-7] o.s.s.o.m.O.selectUser                   : ==> Parameters: admin(String)
2021-10-11 16:16:17.201 DEBUG 8836 --- [http-nio-8090-exec-7] o.s.s.o.m.O.selectUser                   : <==      Total: 1
2021-10-11 16:16:17.203 DEBUG 8836 --- [http-nio-8090-exec-7] o.s.s.o.m.O.selectRole                   : ==>  Preparing: SELECT * FROM oauth_extend_authority a INNER JOIN oauth_extend_user_authority ua ON a.id = ua.authority_id INNER JOIN oauth_extend_user_details ud ON ua.user_id = ud.id WHERE ud.id = ?;
2021-10-11 16:16:17.205 DEBUG 8836 --- [http-nio-8090-exec-7] o.s.s.o.m.O.selectRole                   : ==> Parameters: 1(Integer)
2021-10-11 16:16:17.209 DEBUG 8836 --- [http-nio-8090-exec-7] o.s.s.o.m.O.selectRole                   : <==      Total: 2
2021-10-11 16:23:53.990 ERROR 8836 --- [http-nio-8090-exec-1] c.a.druid.pool.DruidAbstractDataSource   : discard long time none received connection. , jdbcUrl : jdbc:mysql://20.0.3.106:3306/oauth2?characterEncodeing=utf-8&useSSL=false&serverTimezone=Asia/Shanghai, jdbcUrl : jdbc:mysql://20.0.3.106:3306/oauth2?characterEncodeing=utf-8&useSSL=false&serverTimezone=Asia/Shanghai, lastPacketReceivedIdleMillis : 456783
2021-10-11 16:23:54.050 DEBUG 8836 --- [http-nio-8090-exec-1] o.s.s.o.m.O.selectUser                   : ==>  Preparing: SELECT * from oauth_extend_user_details WHERE username = ?;
2021-10-11 16:23:54.052 DEBUG 8836 --- [http-nio-8090-exec-1] o.s.s.o.m.O.selectUser                   : ==> Parameters: admin(String)
2021-10-11 16:23:54.055 DEBUG 8836 --- [http-nio-8090-exec-1] o.s.s.o.m.O.selectUser                   : <==      Total: 1
2021-10-11 16:23:54.058 DEBUG 8836 --- [http-nio-8090-exec-1] o.s.s.o.m.O.selectRole                   : ==>  Preparing: SELECT * FROM oauth_extend_authority a INNER JOIN oauth_extend_user_authority ua ON a.id = ua.authority_id INNER JOIN oauth_extend_user_details ud ON ua.user_id = ud.id WHERE ud.id = ?;
2021-10-11 16:23:54.059 DEBUG 8836 --- [http-nio-8090-exec-1] o.s.s.o.m.O.selectRole                   : ==> Parameters: 1(Integer)
2021-10-11 16:23:54.060 DEBUG 8836 --- [http-nio-8090-exec-1] o.s.s.o.m.O.selectRole                   : <==      Total: 2
2021-10-11 16:23:54.165 DEBUG 8836 --- [http-nio-8090-exec-2] o.s.s.o.m.O.selectUser                   : ==>  Preparing: SELECT * from oauth_extend_user_details WHERE username = ?;
2021-10-11 16:23:54.167 DEBUG 8836 --- [http-nio-8090-exec-2] o.s.s.o.m.O.selectUser                   : ==> Parameters: admin(String)
2021-10-11 16:23:54.172 DEBUG 8836 --- [http-nio-8090-exec-2] o.s.s.o.m.O.selectUser                   : <==      Total: 1
2021-10-11 16:23:54.175 DEBUG 8836 --- [http-nio-8090-exec-2] o.s.s.o.m.O.selectRole                   : ==>  Preparing: SELECT * FROM oauth_extend_authority a INNER JOIN oauth_extend_user_authority ua ON a.id = ua.authority_id INNER JOIN oauth_extend_user_details ud ON ua.user_id = ud.id WHERE ud.id = ?;
2021-10-11 16:23:54.175 DEBUG 8836 --- [http-nio-8090-exec-2] o.s.s.o.m.O.selectRole                   : ==> Parameters: 1(Integer)
2021-10-11 16:23:54.181 DEBUG 8836 --- [http-nio-8090-exec-2] o.s.s.o.m.O.selectRole                   : <==      Total: 2
2021-10-11 16:34:18.867 ERROR 8836 --- [http-nio-8090-exec-7] c.a.druid.pool.DruidAbstractDataSource   : discard long time none received connection. , jdbcUrl : jdbc:mysql://20.0.3.106:3306/oauth2?characterEncodeing=utf-8&useSSL=false&serverTimezone=Asia/Shanghai, jdbcUrl : jdbc:mysql://20.0.3.106:3306/oauth2?characterEncodeing=utf-8&useSSL=false&serverTimezone=Asia/Shanghai, lastPacketReceivedIdleMillis : 624687
2021-10-11 16:34:18.895 DEBUG 8836 --- [http-nio-8090-exec-10] o.s.s.o.m.O.selectUser                   : ==>  Preparing: SELECT * from oauth_extend_user_details WHERE username = ?;
2021-10-11 16:34:18.895 DEBUG 8836 --- [http-nio-8090-exec-10] o.s.s.o.m.O.selectUser                   : ==> Parameters: admin(String)
2021-10-11 16:34:18.911 DEBUG 8836 --- [http-nio-8090-exec-10] o.s.s.o.m.O.selectUser                   : <==      Total: 1
2021-10-11 16:34:18.911 DEBUG 8836 --- [http-nio-8090-exec-10] o.s.s.o.m.O.selectRole                   : ==>  Preparing: SELECT * FROM oauth_extend_authority a INNER JOIN oauth_extend_user_authority ua ON a.id = ua.authority_id INNER JOIN oauth_extend_user_details ud ON ua.user_id = ud.id WHERE ud.id = ?;
2021-10-11 16:34:18.911 DEBUG 8836 --- [http-nio-8090-exec-10] o.s.s.o.m.O.selectRole                   : ==> Parameters: 1(Integer)
2021-10-11 16:34:18.911 DEBUG 8836 --- [http-nio-8090-exec-10] o.s.s.o.m.O.selectRole                   : <==      Total: 2
2021-10-11 16:34:18.942 DEBUG 8836 --- [http-nio-8090-exec-7] o.s.s.o.m.O.selectUser                   : ==>  Preparing: SELECT * from oauth_extend_user_details WHERE username = ?;
2021-10-11 16:34:18.989 DEBUG 8836 --- [http-nio-8090-exec-7] o.s.s.o.m.O.selectUser                   : ==> Parameters: admin(String)
2021-10-11 16:34:18.989 DEBUG 8836 --- [http-nio-8090-exec-7] o.s.s.o.m.O.selectUser                   : <==      Total: 1
2021-10-11 16:34:18.989 DEBUG 8836 --- [http-nio-8090-exec-7] o.s.s.o.m.O.selectRole                   : ==>  Preparing: SELECT * FROM oauth_extend_authority a INNER JOIN oauth_extend_user_authority ua ON a.id = ua.authority_id INNER JOIN oauth_extend_user_details ud ON ua.user_id = ud.id WHERE ud.id = ?;
2021-10-11 16:34:18.989 DEBUG 8836 --- [http-nio-8090-exec-7] o.s.s.o.m.O.selectRole                   : ==> Parameters: 1(Integer)
2021-10-11 16:34:18.989 DEBUG 8836 --- [http-nio-8090-exec-7] o.s.s.o.m.O.selectRole                   : <==      Total: 2
2021-10-11 16:52:40.219 ERROR 8836 --- [http-nio-8090-exec-5] c.a.druid.pool.DruidAbstractDataSource   : discard long time none received connection. , jdbcUrl : jdbc:mysql://20.0.3.106:3306/oauth2?characterEncodeing=utf-8&useSSL=false&serverTimezone=Asia/Shanghai, jdbcUrl : jdbc:mysql://20.0.3.106:3306/oauth2?characterEncodeing=utf-8&useSSL=false&serverTimezone=Asia/Shanghai, lastPacketReceivedIdleMillis : 1101227
2021-10-11 16:52:40.264 ERROR 8836 --- [http-nio-8090-exec-5] c.a.druid.pool.DruidAbstractDataSource   : discard long time none received connection. , jdbcUrl : jdbc:mysql://20.0.3.106:3306/oauth2?characterEncodeing=utf-8&useSSL=false&serverTimezone=Asia/Shanghai, jdbcUrl : jdbc:mysql://20.0.3.106:3306/oauth2?characterEncodeing=utf-8&useSSL=false&serverTimezone=Asia/Shanghai, lastPacketReceivedIdleMillis : 1101317
2021-10-11 16:52:40.289 DEBUG 8836 --- [http-nio-8090-exec-5] o.s.s.o.m.O.selectUser                   : ==>  Preparing: SELECT * from oauth_extend_user_details WHERE username = ?;
2021-10-11 16:52:40.292 DEBUG 8836 --- [http-nio-8090-exec-5] o.s.s.o.m.O.selectUser                   : ==> Parameters: admin(String)
2021-10-11 16:52:40.298 DEBUG 8836 --- [http-nio-8090-exec-5] o.s.s.o.m.O.selectUser                   : <==      Total: 1
2021-10-11 16:52:40.299 DEBUG 8836 --- [http-nio-8090-exec-5] o.s.s.o.m.O.selectRole                   : ==>  Preparing: SELECT * FROM oauth_extend_authority a INNER JOIN oauth_extend_user_authority ua ON a.id = ua.authority_id INNER JOIN oauth_extend_user_details ud ON ua.user_id = ud.id WHERE ud.id = ?;
2021-10-11 16:52:40.299 DEBUG 8836 --- [http-nio-8090-exec-5] o.s.s.o.m.O.selectRole                   : ==> Parameters: 1(Integer)
2021-10-11 16:52:40.301 DEBUG 8836 --- [http-nio-8090-exec-5] o.s.s.o.m.O.selectRole                   : <==      Total: 2
2021-10-11 16:52:40.326 DEBUG 8836 --- [http-nio-8090-exec-6] o.s.s.o.m.O.selectUser                   : ==>  Preparing: SELECT * from oauth_extend_user_details WHERE username = ?;
2021-10-11 16:52:40.382 DEBUG 8836 --- [http-nio-8090-exec-6] o.s.s.o.m.O.selectUser                   : ==> Parameters: admin(String)
2021-10-11 16:52:40.402 DEBUG 8836 --- [http-nio-8090-exec-6] o.s.s.o.m.O.selectUser                   : <==      Total: 1
2021-10-11 16:52:40.436 DEBUG 8836 --- [http-nio-8090-exec-6] o.s.s.o.m.O.selectRole                   : ==>  Preparing: SELECT * FROM oauth_extend_authority a INNER JOIN oauth_extend_user_authority ua ON a.id = ua.authority_id INNER JOIN oauth_extend_user_details ud ON ua.user_id = ud.id WHERE ud.id = ?;
2021-10-11 16:52:40.451 DEBUG 8836 --- [http-nio-8090-exec-6] o.s.s.o.m.O.selectRole                   : ==> Parameters: 1(Integer)
2021-10-11 16:52:40.451 DEBUG 8836 --- [http-nio-8090-exec-6] o.s.s.o.m.O.selectRole                   : <==      Total: 2
2021-10-11 17:07:43.381 ERROR 8836 --- [http-nio-8090-exec-3] c.a.druid.pool.DruidAbstractDataSource   : discard long time none received connection. , jdbcUrl : jdbc:mysql://20.0.3.106:3306/oauth2?characterEncodeing=utf-8&useSSL=false&serverTimezone=Asia/Shanghai, jdbcUrl : jdbc:mysql://20.0.3.106:3306/oauth2?characterEncodeing=utf-8&useSSL=false&serverTimezone=Asia/Shanghai, lastPacketReceivedIdleMillis : 902911
2021-10-11 17:07:43.394 ERROR 8836 --- [http-nio-8090-exec-3] c.a.druid.pool.DruidAbstractDataSource   : discard long time none received connection. , jdbcUrl : jdbc:mysql://20.0.3.106:3306/oauth2?characterEncodeing=utf-8&useSSL=false&serverTimezone=Asia/Shanghai, jdbcUrl : jdbc:mysql://20.0.3.106:3306/oauth2?characterEncodeing=utf-8&useSSL=false&serverTimezone=Asia/Shanghai, lastPacketReceivedIdleMillis : 903081
2021-10-11 17:07:43.437 DEBUG 8836 --- [http-nio-8090-exec-3] o.s.s.o.m.O.selectUser                   : ==>  Preparing: SELECT * from oauth_extend_user_details WHERE username = ?;
2021-10-11 17:07:43.452 DEBUG 8836 --- [http-nio-8090-exec-3] o.s.s.o.m.O.selectUser                   : ==> Parameters: admin(String)
2021-10-11 17:07:43.465 DEBUG 8836 --- [http-nio-8090-exec-3] o.s.s.o.m.O.selectUser                   : <==      Total: 1
2021-10-11 17:07:43.469 DEBUG 8836 --- [http-nio-8090-exec-3] o.s.s.o.m.O.selectRole                   : ==>  Preparing: SELECT * FROM oauth_extend_authority a INNER JOIN oauth_extend_user_authority ua ON a.id = ua.authority_id INNER JOIN oauth_extend_user_details ud ON ua.user_id = ud.id WHERE ud.id = ?;
2021-10-11 17:07:43.469 DEBUG 8836 --- [http-nio-8090-exec-3] o.s.s.o.m.O.selectRole                   : ==> Parameters: 1(Integer)
2021-10-11 17:07:43.471 DEBUG 8836 --- [http-nio-8090-exec-3] o.s.s.o.m.O.selectRole                   : <==      Total: 2
2021-10-11 17:07:43.505 DEBUG 8836 --- [http-nio-8090-exec-1] o.s.s.o.m.O.selectUser                   : ==>  Preparing: SELECT * from oauth_extend_user_details WHERE username = ?;
2021-10-11 17:07:43.505 DEBUG 8836 --- [http-nio-8090-exec-1] o.s.s.o.m.O.selectUser                   : ==> Parameters: admin(String)
2021-10-11 17:07:43.505 DEBUG 8836 --- [http-nio-8090-exec-1] o.s.s.o.m.O.selectUser                   : <==      Total: 1
2021-10-11 17:07:43.552 DEBUG 8836 --- [http-nio-8090-exec-1] o.s.s.o.m.O.selectRole                   : ==>  Preparing: SELECT * FROM oauth_extend_authority a INNER JOIN oauth_extend_user_authority ua ON a.id = ua.authority_id INNER JOIN oauth_extend_user_details ud ON ua.user_id = ud.id WHERE ud.id = ?;
2021-10-11 17:07:43.552 DEBUG 8836 --- [http-nio-8090-exec-1] o.s.s.o.m.O.selectRole                   : ==> Parameters: 1(Integer)
2021-10-11 17:07:43.552 DEBUG 8836 --- [http-nio-8090-exec-1] o.s.s.o.m.O.selectRole                   : <==      Total: 2
2021-10-11 17:15:19.850  INFO 8836 --- [SpringApplicationShutdownHook] com.alibaba.druid.pool.DruidDataSource   : {dataSource-1} closing ...
2021-10-11 17:15:19.897  INFO 8836 --- [SpringApplicationShutdownHook] com.alibaba.druid.pool.DruidDataSource   : {dataSource-1} closed
2021-10-11 17:16:14.940  INFO 3984 --- [main] o.s.s.oauth.AuthServerApplication        : Starting AuthServerApplication using Java 12 on WORK with PID 3984 (D:\Project\oauth2\spring-security-oauth2\auth-server\target\classes started by Administrator in D:\Project\oauth2\spring-security-oauth2)
2021-10-11 17:16:14.955  INFO 3984 --- [main] o.s.s.oauth.AuthServerApplication        : No active profile set, falling back to default profiles: default
2021-10-11 17:16:17.455  INFO 3984 --- [main] .s.d.r.c.RepositoryConfigurationDelegate : Multiple Spring Data modules found, entering strict repository configuration mode!
2021-10-11 17:16:17.471  INFO 3984 --- [main] .s.d.r.c.RepositoryConfigurationDelegate : Bootstrapping Spring Data Redis repositories in DEFAULT mode.
2021-10-11 17:16:17.565  INFO 3984 --- [main] .s.d.r.c.RepositoryConfigurationDelegate : Finished Spring Data repository scanning in 64 ms. Found 0 Redis repository interfaces.
2021-10-11 17:16:17.893  WARN 3984 --- [main] o.m.s.mapper.ClassPathMapperScanner      : No MyBatis mapper was found in '[org.springframework.security.oauth]' package. Please check your configuration.
2021-10-11 17:16:18.190  INFO 3984 --- [main] o.s.cloud.context.scope.GenericScope     : BeanFactory id=f0509d66-6591-343a-b887-10334a99b134
2021-10-11 17:16:18.924  INFO 3984 --- [main] o.s.b.w.embedded.tomcat.TomcatWebServer  : Tomcat initialized with port(s): 8090 (http)
2021-10-11 17:16:18.939  INFO 3984 --- [main] o.apache.catalina.core.StandardService   : Starting service [Tomcat]
2021-10-11 17:16:18.955  INFO 3984 --- [main] org.apache.catalina.core.StandardEngine  : Starting Servlet engine: [Apache Tomcat/9.0.46]
2021-10-11 17:16:19.221  INFO 3984 --- [main] o.a.c.c.C.[Tomcat].[localhost].[/]       : Initializing Spring embedded WebApplicationContext
2021-10-11 17:16:19.221  INFO 3984 --- [main] w.s.c.ServletWebServerApplicationContext : Root WebApplicationContext: initialization completed in 4172 ms
2021-10-11 17:16:19.908  INFO 3984 --- [main] c.a.d.s.b.a.DruidDataSourceAutoConfigure : Init DruidDataSource
2021-10-11 17:16:20.190  INFO 3984 --- [main] com.alibaba.druid.pool.DruidDataSource   : {dataSource-1} inited
2021-10-11 17:16:22.111  INFO 3984 --- [main] o.s.s.web.DefaultSecurityFilterChain     : Will secure Ant [pattern='/webjars/**'] with []
2021-10-11 17:16:22.127  INFO 3984 --- [main] o.s.s.web.DefaultSecurityFilterChain     : Will secure Ant [pattern='/resources/**'] with []
2021-10-11 17:16:22.205  INFO 3984 --- [main] o.s.s.web.DefaultSecurityFilterChain     : Will secure Or [Ant [pattern='/oauth/token'], Ant [pattern='/oauth/token_key'], Ant [pattern='/oauth/check_token']] with [org.springframework.security.web.context.request.async.WebAsyncManagerIntegrationFilter@d70dbeb, org.springframework.security.web.context.SecurityContextPersistenceFilter@66fff42f, org.springframework.security.web.header.HeaderWriterFilter@783f5f71, org.springframework.security.web.authentication.logout.LogoutFilter@362c48c, org.springframework.security.oauth2.provider.client.ClientCredentialsTokenEndpointFilter@60e80279, org.springframework.security.web.authentication.www.BasicAuthenticationFilter@566cc6af, org.springframework.security.web.savedrequest.RequestCacheAwareFilter@308be1a3, org.springframework.security.web.servletapi.SecurityContextHolderAwareRequestFilter@5535e9, org.springframework.security.web.authentication.AnonymousAuthenticationFilter@7f8f5d37, org.springframework.security.web.session.SessionManagementFilter@3791af, org.springframework.security.web.access.ExceptionTranslationFilter@37f71e8, org.springframework.security.web.access.intercept.FilterSecurityInterceptor@632dc41]
2021-10-11 17:16:23.064  INFO 3984 --- [main] o.s.b.a.e.web.EndpointLinksResolver      : Exposing 1 endpoint(s) beneath base path '/actuator'
2021-10-11 17:16:23.096  INFO 3984 --- [main] o.s.s.web.DefaultSecurityFilterChain     : Will secure any request with [org.springframework.security.web.context.request.async.WebAsyncManagerIntegrationFilter@c7443f, org.springframework.security.web.context.SecurityContextPersistenceFilter@8f589d7, org.springframework.security.web.header.HeaderWriterFilter@4687366b, org.springframework.web.filter.CorsFilter@74e175c7, org.springframework.security.web.authentication.logout.LogoutFilter@39f8adc0, org.springframework.security.web.authentication.UsernamePasswordAuthenticationFilter@7c8a91e2, org.springframework.security.web.savedrequest.RequestCacheAwareFilter@65da1cbe, org.springframework.security.web.servletapi.SecurityContextHolderAwareRequestFilter@1a914a00, org.springframework.security.web.authentication.AnonymousAuthenticationFilter@1c528f2f, org.springframework.security.web.session.SessionManagementFilter@3a17acd4, org.springframework.security.web.access.ExceptionTranslationFilter@73b3ce31, org.springframework.security.web.access.intercept.FilterSecurityInterceptor@6761f75b]
2021-10-11 17:16:23.111  INFO 3984 --- [main] o.s.s.web.DefaultSecurityFilterChain     : Will secure any request with [org.springframework.security.web.context.request.async.WebAsyncManagerIntegrationFilter@4113d9ab, org.springframework.security.web.context.SecurityContextPersistenceFilter@440d2d64, org.springframework.security.web.header.HeaderWriterFilter@cce92b5, org.springframework.security.web.csrf.CsrfFilter@6aa18912, org.springframework.security.web.authentication.logout.LogoutFilter@68fc636a, org.springframework.security.web.authentication.UsernamePasswordAuthenticationFilter@7d7f966f, org.springframework.security.web.authentication.ui.DefaultLoginPageGeneratingFilter@56adbb07, org.springframework.security.web.authentication.ui.DefaultLogoutPageGeneratingFilter@448fa659, org.springframework.security.web.authentication.www.BasicAuthenticationFilter@29c21acb, org.springframework.security.web.savedrequest.RequestCacheAwareFilter@1a712f12, org.springframework.security.web.servletapi.SecurityContextHolderAwareRequestFilter@62525dd3, org.springframework.security.web.authentication.AnonymousAuthenticationFilter@45c28c49, org.springframework.security.web.session.SessionManagementFilter@2202c92f, org.springframework.security.web.access.ExceptionTranslationFilter@5c20505f, org.springframework.security.web.access.intercept.FilterSecurityInterceptor@656c0eae]
2021-10-11 17:16:23.424  INFO 3984 --- [main] t.m.m.autoconfigure.MapperCacheDisabler  : Clear tk.mybatis.mapper.util.MsUtil CLASS_CACHE cache.
2021-10-11 17:16:23.424  INFO 3984 --- [main] t.m.m.autoconfigure.MapperCacheDisabler  : Clear tk.mybatis.mapper.genid.GenIdUtil CACHE cache.
2021-10-11 17:16:23.424  INFO 3984 --- [main] t.m.m.autoconfigure.MapperCacheDisabler  : Clear tk.mybatis.mapper.version.VersionUtil CACHE cache.
2021-10-11 17:16:23.424  INFO 3984 --- [main] t.m.m.autoconfigure.MapperCacheDisabler  : Clear EntityHelper entityTableMap cache.
2021-10-11 17:16:30.684  WARN 3984 --- [main] s.o.SpringCloudSecurityAutoConfiguration : All Spring Cloud Security modules and starters are deprecated. They will be moved to individual projects in the next major release.
2021-10-11 17:16:31.440  INFO 3984 --- [main] o.s.b.w.embedded.tomcat.TomcatWebServer  : Tomcat started on port(s): 8090 (http) with context path ''
2021-10-11 17:16:31.566  INFO 3984 --- [main] o.s.s.oauth.AuthServerApplication        : Started AuthServerApplication in 17.901 seconds (JVM running for 41.259)
2021-10-11 17:17:07.528  INFO 3984 --- [http-nio-8090-exec-10] o.a.c.c.C.[Tomcat].[localhost].[/]       : Initializing Spring DispatcherServlet 'dispatcherServlet'
2021-10-11 17:17:07.529  INFO 3984 --- [http-nio-8090-exec-10] o.s.web.servlet.DispatcherServlet        : Initializing Servlet 'dispatcherServlet'
2021-10-11 17:17:07.532  INFO 3984 --- [http-nio-8090-exec-10] o.s.web.servlet.DispatcherServlet        : Completed initialization in 3 ms
2021-10-11 17:17:23.750 DEBUG 3984 --- [http-nio-8090-exec-5] o.s.s.o.m.O.selectUser                   : ==>  Preparing: SELECT * from oauth_extend_user_details WHERE username = ?;
2021-10-11 17:17:23.765 DEBUG 3984 --- [http-nio-8090-exec-4] o.s.s.o.m.O.selectUser                   : ==>  Preparing: SELECT * from oauth_extend_user_details WHERE username = ?;
2021-10-11 17:17:23.828 DEBUG 3984 --- [http-nio-8090-exec-5] o.s.s.o.m.O.selectUser                   : ==> Parameters: admin(String)
2021-10-11 17:17:23.859 DEBUG 3984 --- [http-nio-8090-exec-5] o.s.s.o.m.O.selectUser                   : <==      Total: 1
2021-10-11 17:17:23.875 DEBUG 3984 --- [http-nio-8090-exec-4] o.s.s.o.m.O.selectUser                   : ==> Parameters: admin(String)
2021-10-11 17:17:23.875 DEBUG 3984 --- [http-nio-8090-exec-4] o.s.s.o.m.O.selectUser                   : <==      Total: 1
2021-10-11 17:17:23.875 DEBUG 3984 --- [http-nio-8090-exec-4] o.s.s.o.m.O.selectRole                   : ==>  Preparing: SELECT * FROM oauth_extend_authority a INNER JOIN oauth_extend_user_authority ua ON a.id = ua.authority_id INNER JOIN oauth_extend_user_details ud ON ua.user_id = ud.id WHERE ud.id = ?;
2021-10-11 17:17:23.875 DEBUG 3984 --- [http-nio-8090-exec-4] o.s.s.o.m.O.selectRole                   : ==> Parameters: 1(Integer)
2021-10-11 17:17:23.890 DEBUG 3984 --- [http-nio-8090-exec-4] o.s.s.o.m.O.selectRole                   : <==      Total: 2
2021-10-11 17:17:23.922 DEBUG 3984 --- [http-nio-8090-exec-5] o.s.s.o.m.O.selectRole                   : ==>  Preparing: SELECT * FROM oauth_extend_authority a INNER JOIN oauth_extend_user_authority ua ON a.id = ua.authority_id INNER JOIN oauth_extend_user_details ud ON ua.user_id = ud.id WHERE ud.id = ?;
2021-10-11 17:17:23.922 DEBUG 3984 --- [http-nio-8090-exec-5] o.s.s.o.m.O.selectRole                   : ==> Parameters: 1(Integer)
2021-10-11 17:17:23.922 DEBUG 3984 --- [http-nio-8090-exec-5] o.s.s.o.m.O.selectRole                   : <==      Total: 2
2021-10-11 17:20:45.359  INFO 3984 --- [SpringApplicationShutdownHook] com.alibaba.druid.pool.DruidDataSource   : {dataSource-1} closing ...
2021-10-11 17:20:45.375  INFO 3984 --- [SpringApplicationShutdownHook] com.alibaba.druid.pool.DruidDataSource   : {dataSource-1} closed
2021-10-11 17:21:32.467  INFO 244 --- [main] o.s.s.oauth.AuthServerApplication        : Starting AuthServerApplication using Java 12 on WORK with PID 244 (D:\Project\oauth2\spring-security-oauth2\auth-server\target\classes started by Administrator in D:\Project\oauth2\spring-security-oauth2)
2021-10-11 17:21:32.467  INFO 244 --- [main] o.s.s.oauth.AuthServerApplication        : No active profile set, falling back to default profiles: default
2021-10-11 17:21:35.977  INFO 244 --- [main] .s.d.r.c.RepositoryConfigurationDelegate : Multiple Spring Data modules found, entering strict repository configuration mode!
2021-10-11 17:21:35.977  INFO 244 --- [main] .s.d.r.c.RepositoryConfigurationDelegate : Bootstrapping Spring Data Redis repositories in DEFAULT mode.
2021-10-11 17:21:36.071  INFO 244 --- [main] .s.d.r.c.RepositoryConfigurationDelegate : Finished Spring Data repository scanning in 59 ms. Found 0 Redis repository interfaces.
2021-10-11 17:21:36.368  WARN 244 --- [main] o.m.s.mapper.ClassPathMapperScanner      : No MyBatis mapper was found in '[org.springframework.security.oauth]' package. Please check your configuration.
2021-10-11 17:21:36.602  INFO 244 --- [main] o.s.cloud.context.scope.GenericScope     : BeanFactory id=f0509d66-6591-343a-b887-10334a99b134
2021-10-11 17:21:38.053  INFO 244 --- [main] o.s.b.w.embedded.tomcat.TomcatWebServer  : Tomcat initialized with port(s): 8090 (http)
2021-10-11 17:21:38.077  INFO 244 --- [main] o.apache.catalina.core.StandardService   : Starting service [Tomcat]
2021-10-11 17:21:38.077  INFO 244 --- [main] org.apache.catalina.core.StandardEngine  : Starting Servlet engine: [Apache Tomcat/9.0.46]
2021-10-11 17:21:38.658  INFO 244 --- [main] o.a.c.c.C.[Tomcat].[localhost].[/]       : Initializing Spring embedded WebApplicationContext
2021-10-11 17:21:38.658  INFO 244 --- [main] w.s.c.ServletWebServerApplicationContext : Root WebApplicationContext: initialization completed in 6087 ms
2021-10-11 17:21:46.196  INFO 244 --- [main] c.a.d.s.b.a.DruidDataSourceAutoConfigure : Init DruidDataSource
2021-10-11 17:21:46.739  INFO 244 --- [main] com.alibaba.druid.pool.DruidDataSource   : {dataSource-1} inited
2021-10-11 17:21:48.614  INFO 244 --- [main] o.s.s.web.DefaultSecurityFilterChain     : Will secure Ant [pattern='/webjars/**'] with []
2021-10-11 17:21:48.614  INFO 244 --- [main] o.s.s.web.DefaultSecurityFilterChain     : Will secure Ant [pattern='/resources/**'] with []
2021-10-11 17:21:48.677  INFO 244 --- [main] o.s.s.web.DefaultSecurityFilterChain     : Will secure Or [Ant [pattern='/oauth/token'], Ant [pattern='/oauth/token_key'], Ant [pattern='/oauth/check_token']] with [org.springframework.security.web.context.request.async.WebAsyncManagerIntegrationFilter@4e0802e0, org.springframework.security.web.context.SecurityContextPersistenceFilter@26be0d23, org.springframework.security.web.header.HeaderWriterFilter@259aec72, org.springframework.security.web.authentication.logout.LogoutFilter@783f5f71, org.springframework.security.oauth2.provider.client.ClientCredentialsTokenEndpointFilter@7ac90dab, org.springframework.security.web.authentication.www.BasicAuthenticationFilter@5a99543b, org.springframework.security.web.savedrequest.RequestCacheAwareFilter@576b385d, org.springframework.security.web.servletapi.SecurityContextHolderAwareRequestFilter@1f1574c, org.springframework.security.web.authentication.AnonymousAuthenticationFilter@4a18e0f1, org.springframework.security.web.session.SessionManagementFilter@36d39655, org.springframework.security.web.access.ExceptionTranslationFilter@6e7fa4b0, org.springframework.security.web.access.intercept.FilterSecurityInterceptor@7e451790]
2021-10-11 17:21:49.489  INFO 244 --- [main] o.s.b.a.e.web.EndpointLinksResolver      : Exposing 1 endpoint(s) beneath base path '/actuator'
2021-10-11 17:21:49.505  INFO 244 --- [main] o.s.s.web.DefaultSecurityFilterChain     : Will secure any request with [org.springframework.security.web.context.request.async.WebAsyncManagerIntegrationFilter@38e052b2, org.springframework.security.web.context.SecurityContextPersistenceFilter@632dc41, org.springframework.security.web.header.HeaderWriterFilter@3921e96f, org.springframework.web.filter.CorsFilter@7fa68ff4, org.springframework.security.web.authentication.logout.LogoutFilter@1614499b, org.springframework.security.web.authentication.UsernamePasswordAuthenticationFilter@16732340, org.springframework.security.web.savedrequest.RequestCacheAwareFilter@35f6f105, org.springframework.security.web.servletapi.SecurityContextHolderAwareRequestFilter@3aa1c45, org.springframework.security.web.authentication.AnonymousAuthenticationFilter@515fff35, org.springframework.security.web.session.SessionManagementFilter@6fad5ace, org.springframework.security.web.access.ExceptionTranslationFilter@1fa58a48, org.springframework.security.web.access.intercept.FilterSecurityInterceptor@34d3409d]
2021-10-11 17:21:49.521  INFO 244 --- [main] o.s.s.web.DefaultSecurityFilterChain     : Will secure any request with [org.springframework.security.web.context.request.async.WebAsyncManagerIntegrationFilter@618e7761, org.springframework.security.web.context.SecurityContextPersistenceFilter@43312512, org.springframework.security.web.header.HeaderWriterFilter@6fe337a5, org.springframework.security.web.csrf.CsrfFilter@66ab088c, org.springframework.security.web.authentication.logout.LogoutFilter@7a2fd94c, org.springframework.security.web.authentication.UsernamePasswordAuthenticationFilter@37ab1b10, org.springframework.security.web.authentication.ui.DefaultLoginPageGeneratingFilter@1d2d793d, org.springframework.security.web.authentication.ui.DefaultLogoutPageGeneratingFilter@5b643d6e, org.springframework.security.web.authentication.www.BasicAuthenticationFilter@55d87b73, org.springframework.security.web.savedrequest.RequestCacheAwareFilter@13f7c165, org.springframework.security.web.servletapi.SecurityContextHolderAwareRequestFilter@655f92a1, org.springframework.security.web.authentication.AnonymousAuthenticationFilter@34f8ce89, org.springframework.security.web.session.SessionManagementFilter@7d60bd5a, org.springframework.security.web.access.ExceptionTranslationFilter@5d01a2eb, org.springframework.security.web.access.intercept.FilterSecurityInterceptor@30e15628]
2021-10-11 17:21:49.802  INFO 244 --- [main] t.m.m.autoconfigure.MapperCacheDisabler  : Clear tk.mybatis.mapper.util.MsUtil CLASS_CACHE cache.
2021-10-11 17:21:49.802  INFO 244 --- [main] t.m.m.autoconfigure.MapperCacheDisabler  : Clear tk.mybatis.mapper.genid.GenIdUtil CACHE cache.
2021-10-11 17:21:49.802  INFO 244 --- [main] t.m.m.autoconfigure.MapperCacheDisabler  : Clear tk.mybatis.mapper.version.VersionUtil CACHE cache.
2021-10-11 17:21:49.802  INFO 244 --- [main] t.m.m.autoconfigure.MapperCacheDisabler  : Clear EntityHelper entityTableMap cache.
2021-10-11 17:21:55.364  WARN 244 --- [main] s.o.SpringCloudSecurityAutoConfiguration : All Spring Cloud Security modules and starters are deprecated. They will be moved to individual projects in the next major release.
2021-10-11 17:21:55.583  INFO 244 --- [main] o.s.b.w.embedded.tomcat.TomcatWebServer  : Tomcat started on port(s): 8090 (http) with context path ''
2021-10-11 17:21:55.677  INFO 244 --- [main] o.s.s.oauth.AuthServerApplication        : Started AuthServerApplication in 24.423 seconds (JVM running for 53.799)
2021-10-11 17:21:56.224  INFO 244 --- [RMI TCP Connection(5)-20.0.3.3] o.a.c.c.C.[Tomcat].[localhost].[/]       : Initializing Spring DispatcherServlet 'dispatcherServlet'
2021-10-11 17:21:56.224  INFO 244 --- [RMI TCP Connection(5)-20.0.3.3] o.s.web.servlet.DispatcherServlet        : Initializing Servlet 'dispatcherServlet'
2021-10-11 17:21:56.224  INFO 244 --- [RMI TCP Connection(5)-20.0.3.3] o.s.web.servlet.DispatcherServlet        : Completed initialization in 0 ms
2021-10-11 17:23:39.504 ERROR 244 --- [http-nio-8090-exec-5] c.a.druid.pool.DruidAbstractDataSource   : discard long time none received connection. , jdbcUrl : jdbc:mysql://20.0.3.106:3306/oauth2?characterEncodeing=utf-8&useSSL=false&serverTimezone=Asia/Shanghai, jdbcUrl : jdbc:mysql://20.0.3.106:3306/oauth2?characterEncodeing=utf-8&useSSL=false&serverTimezone=Asia/Shanghai, lastPacketReceivedIdleMillis : 109015
2021-10-11 17:23:39.529 DEBUG 244 --- [http-nio-8090-exec-4] o.s.s.o.m.O.selectUser                   : ==>  Preparing: SELECT * from oauth_extend_user_details WHERE username = ?;
2021-10-11 17:23:39.532 DEBUG 244 --- [http-nio-8090-exec-5] o.s.s.o.m.O.selectUser                   : ==>  Preparing: SELECT * from oauth_extend_user_details WHERE username = ?;
2021-10-11 17:23:46.455 DEBUG 244 --- [http-nio-8090-exec-5] o.s.s.o.m.O.selectUser                   : ==> Parameters: admin(String)
2021-10-11 17:23:46.460 DEBUG 244 --- [http-nio-8090-exec-4] o.s.s.o.m.O.selectUser                   : ==> Parameters: admin(String)
2021-10-11 17:23:46.476 DEBUG 244 --- [http-nio-8090-exec-5] o.s.s.o.m.O.selectUser                   : <==      Total: 1
2021-10-11 17:23:46.492 DEBUG 244 --- [http-nio-8090-exec-4] o.s.s.o.m.O.selectUser                   : <==      Total: 1
2021-10-11 17:23:46.507 DEBUG 244 --- [http-nio-8090-exec-4] o.s.s.o.m.O.selectRole                   : ==>  Preparing: SELECT * FROM oauth_extend_authority a INNER JOIN oauth_extend_user_authority ua ON a.id = ua.authority_id INNER JOIN oauth_extend_user_details ud ON ua.user_id = ud.id WHERE ud.id = ?;
2021-10-11 17:23:46.507 DEBUG 244 --- [http-nio-8090-exec-4] o.s.s.o.m.O.selectRole                   : ==> Parameters: 1(Integer)
2021-10-11 17:23:46.507 DEBUG 244 --- [http-nio-8090-exec-4] o.s.s.o.m.O.selectRole                   : <==      Total: 2
2021-10-11 17:23:46.586 DEBUG 244 --- [http-nio-8090-exec-5] o.s.s.o.m.O.selectRole                   : ==>  Preparing: SELECT * FROM oauth_extend_authority a INNER JOIN oauth_extend_user_authority ua ON a.id = ua.authority_id INNER JOIN oauth_extend_user_details ud ON ua.user_id = ud.id WHERE ud.id = ?;
2021-10-11 17:23:46.586 DEBUG 244 --- [http-nio-8090-exec-5] o.s.s.o.m.O.selectRole                   : ==> Parameters: 1(Integer)
2021-10-11 17:23:46.586 DEBUG 244 --- [http-nio-8090-exec-5] o.s.s.o.m.O.selectRole                   : <==      Total: 2
2021-10-11 17:25:15.865  INFO 244 --- [SpringApplicationShutdownHook] com.alibaba.druid.pool.DruidDataSource   : {dataSource-1} closing ...
2021-10-11 17:25:15.865  INFO 244 --- [SpringApplicationShutdownHook] com.alibaba.druid.pool.DruidDataSource   : {dataSource-1} closed
