2021-10-11 13:53:30.803  INFO 8796 --- [main] SecurityOauth2AuthServerApplicationTests : Starting SpringSecurityOauth2AuthServerApplicationTests using Java 12 on WORK with PID 8796 (started by Administrator in D:\Project\oauth2\spring-security-oauth2\auth-server)
2021-10-11 13:53:30.818  INFO 8796 --- [main] SecurityOauth2AuthServerApplicationTests : No active profile set, falling back to default profiles: default
2021-10-11 13:53:40.865  INFO 8796 --- [main] .s.d.r.c.RepositoryConfigurationDelegate : Multiple Spring Data modules found, entering strict repository configuration mode!
2021-10-11 13:53:40.865  INFO 8796 --- [main] .s.d.r.c.RepositoryConfigurationDelegate : Bootstrapping Spring Data Redis repositories in DEFAULT mode.
2021-10-11 13:53:40.974  INFO 8796 --- [main] .s.d.r.c.RepositoryConfigurationDelegate : Finished Spring Data repository scanning in 82 ms. Found 0 Redis repository interfaces.
2021-10-11 13:59:44.398  INFO 6944 --- [main] o.s.s.oauth.AuthServerApplication        : Starting AuthServerApplication v0.0.1 using Java 12 on WORK with PID 6944 (D:\Project\oauth2\spring-security-oauth2\auth-server\target\spring-security-oauth2-auth-server-0.0.1.jar started by Administrator in D:\Project\oauth2\spring-security-oauth2\auth-server)
2021-10-11 13:59:44.413  INFO 6944 --- [main] o.s.s.oauth.AuthServerApplication        : No active profile set, falling back to default profiles: default
2021-10-11 13:59:51.397  INFO 6944 --- [main] .s.d.r.c.RepositoryConfigurationDelegate : Multiple Spring Data modules found, entering strict repository configuration mode!
2021-10-11 13:59:51.413  INFO 6944 --- [main] .s.d.r.c.RepositoryConfigurationDelegate : Bootstrapping Spring Data Redis repositories in DEFAULT mode.
2021-10-11 13:59:51.647  INFO 6944 --- [main] .s.d.r.c.RepositoryConfigurationDelegate : Finished Spring Data repository scanning in 143 ms. Found 0 Redis repository interfaces.
2021-10-11 13:59:52.850  WARN 6944 --- [main] o.m.s.mapper.ClassPathMapperScanner      : No MyBatis mapper was found in '[org.springframework.security.oauth]' package. Please check your configuration.
2021-10-11 13:59:53.132  INFO 6944 --- [main] o.s.cloud.context.scope.GenericScope     : BeanFactory id=b2c609e7-b99e-3024-a99c-01a7214d6648
2021-10-11 14:00:15.022  INFO 6944 --- [main] o.s.b.w.embedded.tomcat.TomcatWebServer  : Tomcat initialized with port(s): 8090 (http)
2021-10-11 14:00:15.054  INFO 6944 --- [main] o.apache.catalina.core.StandardService   : Starting service [Tomcat]
2021-10-11 14:00:15.054  INFO 6944 --- [main] org.apache.catalina.core.StandardEngine  : Starting Servlet engine: [Apache Tomcat/9.0.46]
2021-10-11 14:00:15.397  INFO 6944 --- [main] o.a.c.c.C.[Tomcat].[localhost].[/]       : Initializing Spring embedded WebApplicationContext
2021-10-11 14:00:15.397  INFO 6944 --- [main] w.s.c.ServletWebServerApplicationContext : Root WebApplicationContext: initialization completed in 30734 ms
2021-10-11 14:00:23.944  INFO 6944 --- [main] c.a.d.s.b.a.DruidDataSourceAutoConfigure : Init DruidDataSource
2021-10-11 14:00:26.038  INFO 6944 --- [main] com.alibaba.druid.pool.DruidDataSource   : {dataSource-1} inited
2021-10-11 14:00:32.601  INFO 6944 --- [main] o.s.s.web.DefaultSecurityFilterChain     : Will secure Ant [pattern='/webjars/**'] with []
2021-10-11 14:00:32.601  INFO 6944 --- [main] o.s.s.web.DefaultSecurityFilterChain     : Will secure Ant [pattern='/resources/**'] with []
2021-10-11 14:00:32.788  INFO 6944 --- [main] o.s.s.web.DefaultSecurityFilterChain     : Will secure Or [Ant [pattern='/oauth/token'], Ant [pattern='/oauth/token_key'], Ant [pattern='/oauth/check_token']] with [org.springframework.security.web.context.request.async.WebAsyncManagerIntegrationFilter@1442f788, org.springframework.security.web.context.SecurityContextPersistenceFilter@67b100fe, org.springframework.security.web.header.HeaderWriterFilter@3bddc676, org.springframework.security.web.authentication.logout.LogoutFilter@59ed3e6c, org.springframework.security.oauth2.provider.client.ClientCredentialsTokenEndpointFilter@7d04529c, org.springframework.security.web.authentication.www.BasicAuthenticationFilter@6ed16657, org.springframework.security.web.savedrequest.RequestCacheAwareFilter@2ba5aa7a, org.springframework.security.web.servletapi.SecurityContextHolderAwareRequestFilter@6c931d35, org.springframework.security.web.authentication.AnonymousAuthenticationFilter@113e13f9, org.springframework.security.web.session.SessionManagementFilter@24db6ce, org.springframework.security.web.access.ExceptionTranslationFilter@16e7b402, org.springframework.security.web.access.intercept.FilterSecurityInterceptor@48840594]
2021-10-11 14:00:35.197  INFO 6944 --- [main] o.s.b.a.e.web.EndpointLinksResolver      : Exposing 1 endpoint(s) beneath base path '/actuator'
2021-10-11 14:00:35.213  INFO 6944 --- [main] o.s.s.web.DefaultSecurityFilterChain     : Will secure any request with [org.springframework.security.web.context.request.async.WebAsyncManagerIntegrationFilter@4c86da0c, org.springframework.security.web.context.SecurityContextPersistenceFilter@188cbcde, org.springframework.security.web.header.HeaderWriterFilter@24e83d19, org.springframework.web.filter.CorsFilter@5d97caa4, org.springframework.security.web.authentication.logout.LogoutFilter@4af70944, org.springframework.security.web.authentication.UsernamePasswordAuthenticationFilter@201c3cda, org.springframework.security.web.savedrequest.RequestCacheAwareFilter@4ee6291f, org.springframework.security.web.servletapi.SecurityContextHolderAwareRequestFilter@2b03d52f, org.springframework.security.web.authentication.AnonymousAuthenticationFilter@6732726, org.springframework.security.web.session.SessionManagementFilter@5c080ef3, org.springframework.security.web.access.ExceptionTranslationFilter@2def7a7a, org.springframework.security.web.access.intercept.FilterSecurityInterceptor@7fb48179]
2021-10-11 14:00:35.229  INFO 6944 --- [main] o.s.s.web.DefaultSecurityFilterChain     : Will secure any request with [org.springframework.security.web.context.request.async.WebAsyncManagerIntegrationFilter@26fb4d06, org.springframework.security.web.context.SecurityContextPersistenceFilter@4f94e148, org.springframework.security.web.header.HeaderWriterFilter@79c5460e, org.springframework.security.web.csrf.CsrfFilter@650ae78c, org.springframework.security.web.authentication.logout.LogoutFilter@1b495d4, org.springframework.security.web.authentication.UsernamePasswordAuthenticationFilter@12fe1f28, org.springframework.security.web.authentication.ui.DefaultLoginPageGeneratingFilter@534e58b6, org.springframework.security.web.authentication.ui.DefaultLogoutPageGeneratingFilter@c269425, org.springframework.security.web.authentication.www.BasicAuthenticationFilter@503df2d0, org.springframework.security.web.savedrequest.RequestCacheAwareFilter@7ff8a9dc, org.springframework.security.web.servletapi.SecurityContextHolderAwareRequestFilter@2cde651b, org.springframework.security.web.authentication.AnonymousAuthenticationFilter@6e43ddd6, org.springframework.security.web.session.SessionManagementFilter@7d904ff1, org.springframework.security.web.access.ExceptionTranslationFilter@2e73d5eb, org.springframework.security.web.access.intercept.FilterSecurityInterceptor@22a10ac6]
2021-10-11 14:00:47.962  INFO 6944 --- [main] t.m.m.autoconfigure.MapperCacheDisabler  : Clear tk.mybatis.mapper.util.MsUtil CLASS_CACHE cache.
2021-10-11 14:00:47.978  INFO 6944 --- [main] t.m.m.autoconfigure.MapperCacheDisabler  : Clear tk.mybatis.mapper.genid.GenIdUtil CACHE cache.
2021-10-11 14:00:47.978  INFO 6944 --- [main] t.m.m.autoconfigure.MapperCacheDisabler  : Clear tk.mybatis.mapper.version.VersionUtil CACHE cache.
2021-10-11 14:00:47.978  INFO 6944 --- [main] t.m.m.autoconfigure.MapperCacheDisabler  : Clear EntityHelper entityTableMap cache.
2021-10-11 14:00:55.809  WARN 6944 --- [main] s.o.SpringCloudSecurityAutoConfiguration : All Spring Cloud Security modules and starters are deprecated. They will be moved to individual projects in the next major release.
2021-10-11 14:00:55.965  INFO 6944 --- [main] o.s.b.w.embedded.tomcat.TomcatWebServer  : Tomcat started on port(s): 8090 (http) with context path ''
2021-10-11 14:00:56.090  INFO 6944 --- [main] o.s.s.oauth.AuthServerApplication        : Started AuthServerApplication in 73.909 seconds (JVM running for 76.151)
2021-10-11 14:03:36.773  INFO 6944 --- [http-nio-8090-exec-1] o.a.c.c.C.[Tomcat].[localhost].[/]       : Initializing Spring DispatcherServlet 'dispatcherServlet'
2021-10-11 14:03:36.779  INFO 6944 --- [http-nio-8090-exec-1] o.s.web.servlet.DispatcherServlet        : Initializing Servlet 'dispatcherServlet'
2021-10-11 14:03:36.785  INFO 6944 --- [http-nio-8090-exec-1] o.s.web.servlet.DispatcherServlet        : Completed initialization in 5 ms
2021-10-11 14:03:37.199  WARN 6944 --- [http-nio-8090-exec-1] o.a.c.util.SessionIdGeneratorBase        : Creation of SecureRandom instance for session ID generation using [SHA1PRNG] took [116] milliseconds.
2021-10-11 14:08:23.800 ERROR 6944 --- [http-nio-8090-exec-7] c.a.druid.pool.DruidAbstractDataSource   : discard long time none received connection. , jdbcUrl : jdbc:mysql://20.0.3.106:3306/oauth2?characterEncodeing=utf-8&useSSL=false&serverTimezone=Asia/Shanghai, jdbcUrl : jdbc:mysql://20.0.3.106:3306/oauth2?characterEncodeing=utf-8&useSSL=false&serverTimezone=Asia/Shanghai, lastPacketReceivedIdleMillis : 454470
2021-10-11 14:08:23.832 DEBUG 6944 --- [http-nio-8090-exec-6] o.s.s.o.m.O.selectUser                   : ==>  Preparing: SELECT * from oauth_extend_user_details WHERE username = ?;
2021-10-11 14:08:23.847 DEBUG 6944 --- [http-nio-8090-exec-7] o.s.s.o.m.O.selectUser                   : ==>  Preparing: SELECT * from oauth_extend_user_details WHERE username = ?;
2021-10-11 14:08:23.941 DEBUG 6944 --- [http-nio-8090-exec-6] o.s.s.o.m.O.selectUser                   : ==> Parameters: admin(String)
2021-10-11 14:08:24.004 DEBUG 6944 --- [http-nio-8090-exec-6] o.s.s.o.m.O.selectUser                   : <==      Total: 1
2021-10-11 14:08:23.941 DEBUG 6944 --- [http-nio-8090-exec-7] o.s.s.o.m.O.selectUser                   : ==> Parameters: admin(String)
2021-10-11 14:08:24.050 DEBUG 6944 --- [http-nio-8090-exec-7] o.s.s.o.m.O.selectUser                   : <==      Total: 1
2021-10-11 14:08:24.050 DEBUG 6944 --- [http-nio-8090-exec-6] o.s.s.o.m.O.selectRole                   : ==>  Preparing: SELECT * FROM oauth_extend_authority a INNER JOIN oauth_extend_user_authority ua ON a.id = ua.authority_id INNER JOIN oauth_extend_user_details ud ON ua.user_id = ud.id WHERE ud.id = ?;
2021-10-11 14:08:24.050 DEBUG 6944 --- [http-nio-8090-exec-7] o.s.s.o.m.O.selectRole                   : ==>  Preparing: SELECT * FROM oauth_extend_authority a INNER JOIN oauth_extend_user_authority ua ON a.id = ua.authority_id INNER JOIN oauth_extend_user_details ud ON ua.user_id = ud.id WHERE ud.id = ?;
2021-10-11 14:08:24.050 DEBUG 6944 --- [http-nio-8090-exec-7] o.s.s.o.m.O.selectRole                   : ==> Parameters: 1(Integer)
2021-10-11 14:08:24.050 DEBUG 6944 --- [http-nio-8090-exec-6] o.s.s.o.m.O.selectRole                   : ==> Parameters: 1(Integer)
2021-10-11 14:08:24.050 DEBUG 6944 --- [http-nio-8090-exec-7] o.s.s.o.m.O.selectRole                   : <==      Total: 2
2021-10-11 14:08:24.050 DEBUG 6944 --- [http-nio-8090-exec-6] o.s.s.o.m.O.selectRole                   : <==      Total: 2
2021-10-11 14:12:57.107 DEBUG 6944 --- [http-nio-8090-exec-10] o.s.jdbc.core.JdbcTemplate               : Executing prepared SQL query
2021-10-11 14:12:57.138 DEBUG 6944 --- [http-nio-8090-exec-10] o.s.jdbc.core.JdbcTemplate               : Executing prepared SQL statement [select client_id, client_secret, resource_ids, scope, authorized_grant_types, web_server_redirect_uri, authorities, access_token_validity, refresh_token_validity, additional_information, autoapprove from oauth_client_details where client_id = ?]
2021-10-11 14:12:57.144 ERROR 6944 --- [http-nio-8090-exec-10] c.a.druid.pool.DruidAbstractDataSource   : discard long time none received connection. , jdbcUrl : jdbc:mysql://20.0.3.106:3306/oauth2?characterEncodeing=utf-8&useSSL=false&serverTimezone=Asia/Shanghai, jdbcUrl : jdbc:mysql://20.0.3.106:3306/oauth2?characterEncodeing=utf-8&useSSL=false&serverTimezone=Asia/Shanghai, lastPacketReceivedIdleMillis : 273092
2021-10-11 14:12:57.158 ERROR 6944 --- [http-nio-8090-exec-10] c.a.druid.pool.DruidAbstractDataSource   : discard long time none received connection. , jdbcUrl : jdbc:mysql://20.0.3.106:3306/oauth2?characterEncodeing=utf-8&useSSL=false&serverTimezone=Asia/Shanghai, jdbcUrl : jdbc:mysql://20.0.3.106:3306/oauth2?characterEncodeing=utf-8&useSSL=false&serverTimezone=Asia/Shanghai, lastPacketReceivedIdleMillis : 273108
2021-10-11 14:12:57.168 TRACE 6944 --- [http-nio-8090-exec-10] o.s.jdbc.core.StatementCreatorUtils      : Setting SQL statement parameter value: column index 1, parameter value [messaging-client], value class [java.lang.String], SQL type unknown
2021-10-11 14:12:58.405 DEBUG 6944 --- [http-nio-8090-exec-1] o.s.jdbc.core.JdbcTemplate               : Executing prepared SQL query
2021-10-11 14:12:58.405 DEBUG 6944 --- [http-nio-8090-exec-1] o.s.jdbc.core.JdbcTemplate               : Executing prepared SQL statement [select client_id, client_secret, resource_ids, scope, authorized_grant_types, web_server_redirect_uri, authorities, access_token_validity, refresh_token_validity, additional_information, autoapprove from oauth_client_details where client_id = ?]
2021-10-11 14:12:58.420 TRACE 6944 --- [http-nio-8090-exec-1] o.s.jdbc.core.StatementCreatorUtils      : Setting SQL statement parameter value: column index 1, parameter value [messaging-client], value class [java.lang.String], SQL type unknown
2021-10-11 14:12:58.420 DEBUG 6944 --- [http-nio-8090-exec-1] o.s.jdbc.core.JdbcTemplate               : Executing prepared SQL query
2021-10-11 14:12:58.420 DEBUG 6944 --- [http-nio-8090-exec-1] o.s.jdbc.core.JdbcTemplate               : Executing prepared SQL statement [select client_id, client_secret, resource_ids, scope, authorized_grant_types, web_server_redirect_uri, authorities, access_token_validity, refresh_token_validity, additional_information, autoapprove from oauth_client_details where client_id = ?]
2021-10-11 14:12:58.420 TRACE 6944 --- [http-nio-8090-exec-1] o.s.jdbc.core.StatementCreatorUtils      : Setting SQL statement parameter value: column index 1, parameter value [messaging-client], value class [java.lang.String], SQL type unknown
2021-10-11 14:12:58.436 DEBUG 6944 --- [http-nio-8090-exec-1] o.s.jdbc.core.JdbcTemplate               : Executing prepared SQL query
2021-10-11 14:12:58.436 DEBUG 6944 --- [http-nio-8090-exec-1] o.s.jdbc.core.JdbcTemplate               : Executing prepared SQL statement [select client_id, client_secret, resource_ids, scope, authorized_grant_types, web_server_redirect_uri, authorities, access_token_validity, refresh_token_validity, additional_information, autoapprove from oauth_client_details where client_id = ?]
2021-10-11 14:12:58.436 TRACE 6944 --- [http-nio-8090-exec-1] o.s.jdbc.core.StatementCreatorUtils      : Setting SQL statement parameter value: column index 1, parameter value [messaging-client], value class [java.lang.String], SQL type unknown
2021-10-11 14:12:58.451 DEBUG 6944 --- [http-nio-8090-exec-1] o.s.jdbc.core.JdbcTemplate               : Executing prepared SQL query
2021-10-11 14:12:58.451 DEBUG 6944 --- [http-nio-8090-exec-1] o.s.jdbc.core.JdbcTemplate               : Executing prepared SQL statement [select client_id, client_secret, resource_ids, scope, authorized_grant_types, web_server_redirect_uri, authorities, access_token_validity, refresh_token_validity, additional_information, autoapprove from oauth_client_details where client_id = ?]
2021-10-11 14:12:58.451 TRACE 6944 --- [http-nio-8090-exec-1] o.s.jdbc.core.StatementCreatorUtils      : Setting SQL statement parameter value: column index 1, parameter value [messaging-client], value class [java.lang.String], SQL type unknown
2021-10-11 14:12:58.451 DEBUG 6944 --- [http-nio-8090-exec-1] o.s.jdbc.core.JdbcTemplate               : Executing prepared SQL query
2021-10-11 14:12:58.451 DEBUG 6944 --- [http-nio-8090-exec-1] o.s.jdbc.core.JdbcTemplate               : Executing prepared SQL statement [select expiresAt,status,lastModifiedAt,userId,clientId,scope from oauth_approvals where userId=? and clientId=?]
2021-10-11 14:12:58.451 TRACE 6944 --- [http-nio-8090-exec-1] o.s.jdbc.core.StatementCreatorUtils      : Setting SQL statement parameter value: column index 1, parameter value [admin], value class [java.lang.String], SQL type unknown
2021-10-11 14:12:58.451 TRACE 6944 --- [http-nio-8090-exec-1] o.s.jdbc.core.StatementCreatorUtils      : Setting SQL statement parameter value: column index 2, parameter value [messaging-client], value class [java.lang.String], SQL type unknown
2021-10-11 14:12:58.520 DEBUG 6944 --- [http-nio-8090-exec-1] o.s.jdbc.core.JdbcTemplate               : Executing prepared SQL update
2021-10-11 14:12:58.521 DEBUG 6944 --- [http-nio-8090-exec-1] o.s.jdbc.core.JdbcTemplate               : Executing prepared SQL statement [insert into oauth_code (code, authentication) values (?, ?)]
2021-10-11 14:12:58.524 TRACE 6944 --- [http-nio-8090-exec-1] o.s.jdbc.core.StatementCreatorUtils      : Setting SQL statement parameter value: column index 1, parameter value [oM1EfK], value class [java.lang.String], SQL type 12
2021-10-11 14:12:58.524 TRACE 6944 --- [http-nio-8090-exec-1] o.s.jdbc.core.StatementCreatorUtils      : Setting SQL statement parameter value: column index 2, parameter value [org.springframework.jdbc.core.support.SqlLobValue@7548458e], value class [org.springframework.jdbc.core.support.SqlLobValue], SQL type 2004
2021-10-11 14:14:01.602 DEBUG 6944 --- [http-nio-8090-exec-2] o.s.jdbc.core.JdbcTemplate               : Executing prepared SQL query
2021-10-11 14:14:01.683 DEBUG 6944 --- [http-nio-8090-exec-2] o.s.jdbc.core.JdbcTemplate               : Executing prepared SQL statement [select client_id, client_secret, resource_ids, scope, authorized_grant_types, web_server_redirect_uri, authorities, access_token_validity, refresh_token_validity, additional_information, autoapprove from oauth_client_details where client_id = ?]
2021-10-11 14:14:01.690 ERROR 6944 --- [http-nio-8090-exec-2] c.a.druid.pool.DruidAbstractDataSource   : discard long time none received connection. , jdbcUrl : jdbc:mysql://20.0.3.106:3306/oauth2?characterEncodeing=utf-8&useSSL=false&serverTimezone=Asia/Shanghai, jdbcUrl : jdbc:mysql://20.0.3.106:3306/oauth2?characterEncodeing=utf-8&useSSL=false&serverTimezone=Asia/Shanghai, lastPacketReceivedIdleMillis : 63164
2021-10-11 14:14:01.710 TRACE 6944 --- [http-nio-8090-exec-2] o.s.jdbc.core.StatementCreatorUtils      : Setting SQL statement parameter value: column index 1, parameter value [messaging-client], value class [java.lang.String], SQL type unknown
2021-10-11 14:14:01.851 DEBUG 6944 --- [http-nio-8090-exec-7] o.s.jdbc.core.JdbcTemplate               : Executing prepared SQL query
2021-10-11 14:14:01.856 DEBUG 6944 --- [http-nio-8090-exec-7] o.s.jdbc.core.JdbcTemplate               : Executing prepared SQL statement [select client_id, client_secret, resource_ids, scope, authorized_grant_types, web_server_redirect_uri, authorities, access_token_validity, refresh_token_validity, additional_information, autoapprove from oauth_client_details where client_id = ?]
2021-10-11 14:14:01.859 TRACE 6944 --- [http-nio-8090-exec-7] o.s.jdbc.core.StatementCreatorUtils      : Setting SQL statement parameter value: column index 1, parameter value [messaging-client], value class [java.lang.String], SQL type unknown
2021-10-11 14:14:01.949 DEBUG 6944 --- [http-nio-8090-exec-7] o.s.jdbc.core.JdbcTemplate               : Executing prepared SQL query
2021-10-11 14:14:01.965 DEBUG 6944 --- [http-nio-8090-exec-7] o.s.jdbc.core.JdbcTemplate               : Executing prepared SQL statement [select client_id, client_secret, resource_ids, scope, authorized_grant_types, web_server_redirect_uri, authorities, access_token_validity, refresh_token_validity, additional_information, autoapprove from oauth_client_details where client_id = ?]
2021-10-11 14:14:01.965 TRACE 6944 --- [http-nio-8090-exec-7] o.s.jdbc.core.StatementCreatorUtils      : Setting SQL statement parameter value: column index 1, parameter value [messaging-client], value class [java.lang.String], SQL type unknown
2021-10-11 14:14:01.965 DEBUG 6944 --- [http-nio-8090-exec-7] o.s.jdbc.core.JdbcTemplate               : Executing prepared SQL query
2021-10-11 14:14:01.980 DEBUG 6944 --- [http-nio-8090-exec-7] o.s.jdbc.core.JdbcTemplate               : Executing prepared SQL statement [select client_id, client_secret, resource_ids, scope, authorized_grant_types, web_server_redirect_uri, authorities, access_token_validity, refresh_token_validity, additional_information, autoapprove from oauth_client_details where client_id = ?]
2021-10-11 14:14:01.980 TRACE 6944 --- [http-nio-8090-exec-7] o.s.jdbc.core.StatementCreatorUtils      : Setting SQL statement parameter value: column index 1, parameter value [messaging-client], value class [java.lang.String], SQL type unknown
2021-10-11 14:14:01.996 DEBUG 6944 --- [http-nio-8090-exec-7] o.s.jdbc.core.JdbcTemplate               : Executing prepared SQL query
2021-10-11 14:14:01.996 DEBUG 6944 --- [http-nio-8090-exec-7] o.s.jdbc.core.JdbcTemplate               : Executing prepared SQL statement [select client_id, client_secret, resource_ids, scope, authorized_grant_types, web_server_redirect_uri, authorities, access_token_validity, refresh_token_validity, additional_information, autoapprove from oauth_client_details where client_id = ?]
2021-10-11 14:14:01.996 TRACE 6944 --- [http-nio-8090-exec-7] o.s.jdbc.core.StatementCreatorUtils      : Setting SQL statement parameter value: column index 1, parameter value [messaging-client], value class [java.lang.String], SQL type unknown
2021-10-11 14:14:02.012 DEBUG 6944 --- [http-nio-8090-exec-7] o.s.jdbc.core.JdbcTemplate               : Executing prepared SQL query
2021-10-11 14:14:02.016 DEBUG 6944 --- [http-nio-8090-exec-7] o.s.jdbc.core.JdbcTemplate               : Executing prepared SQL statement [select code, authentication from oauth_code where code = ?]
2021-10-11 14:14:02.017 TRACE 6944 --- [http-nio-8090-exec-7] o.s.jdbc.core.StatementCreatorUtils      : Setting SQL statement parameter value: column index 1, parameter value [oM1EfK], value class [java.lang.String], SQL type unknown
2021-10-11 14:14:02.021 DEBUG 6944 --- [http-nio-8090-exec-7] o.s.jdbc.core.JdbcTemplate               : Executing prepared SQL update
2021-10-11 14:14:02.021 DEBUG 6944 --- [http-nio-8090-exec-7] o.s.jdbc.core.JdbcTemplate               : Executing prepared SQL statement [delete from oauth_code where code = ?]
2021-10-11 14:14:02.037 TRACE 6944 --- [http-nio-8090-exec-7] o.s.jdbc.core.StatementCreatorUtils      : Setting SQL statement parameter value: column index 1, parameter value [oM1EfK], value class [java.lang.String], SQL type unknown
2021-10-11 14:14:02.037 DEBUG 6944 --- [http-nio-8090-exec-7] o.s.jdbc.core.JdbcTemplate               : Executing prepared SQL query
2021-10-11 14:14:02.037 DEBUG 6944 --- [http-nio-8090-exec-7] o.s.jdbc.core.JdbcTemplate               : Executing prepared SQL statement [select token_id, token from oauth_access_token where authentication_id = ?]
2021-10-11 14:14:02.037 TRACE 6944 --- [http-nio-8090-exec-7] o.s.jdbc.core.StatementCreatorUtils      : Setting SQL statement parameter value: column index 1, parameter value [6a9b94be445b093cbdc325128bb6b8f8], value class [java.lang.String], SQL type unknown
2021-10-11 14:14:02.069 DEBUG 6944 --- [http-nio-8090-exec-7] o.s.jdbc.core.JdbcTemplate               : Executing prepared SQL query
2021-10-11 14:14:02.069 DEBUG 6944 --- [http-nio-8090-exec-7] o.s.jdbc.core.JdbcTemplate               : Executing prepared SQL statement [select token_id, authentication from oauth_access_token where token_id = ?]
2021-10-11 14:14:02.069 TRACE 6944 --- [http-nio-8090-exec-7] o.s.jdbc.core.StatementCreatorUtils      : Setting SQL statement parameter value: column index 1, parameter value [8e6bd5084d037da31f3f6d798195f9f5], value class [java.lang.String], SQL type unknown
2021-10-11 14:14:02.084 DEBUG 6944 --- [http-nio-8090-exec-7] o.s.jdbc.core.JdbcTemplate               : Executing prepared SQL query
2021-10-11 14:14:02.084 DEBUG 6944 --- [http-nio-8090-exec-7] o.s.jdbc.core.JdbcTemplate               : Executing prepared SQL statement [select token_id, token from oauth_access_token where token_id = ?]
2021-10-11 14:14:02.084 TRACE 6944 --- [http-nio-8090-exec-7] o.s.jdbc.core.StatementCreatorUtils      : Setting SQL statement parameter value: column index 1, parameter value [8e6bd5084d037da31f3f6d798195f9f5], value class [java.lang.String], SQL type unknown
2021-10-11 14:14:02.084 DEBUG 6944 --- [http-nio-8090-exec-7] o.s.jdbc.core.JdbcTemplate               : Executing prepared SQL update
2021-10-11 14:14:02.084 DEBUG 6944 --- [http-nio-8090-exec-7] o.s.jdbc.core.JdbcTemplate               : Executing prepared SQL statement [delete from oauth_access_token where token_id = ?]
2021-10-11 14:14:02.084 TRACE 6944 --- [http-nio-8090-exec-7] o.s.jdbc.core.StatementCreatorUtils      : Setting SQL statement parameter value: column index 1, parameter value [8e6bd5084d037da31f3f6d798195f9f5], value class [java.lang.String], SQL type unknown
2021-10-11 14:14:02.099 DEBUG 6944 --- [http-nio-8090-exec-7] o.s.jdbc.core.JdbcTemplate               : Executing prepared SQL update
2021-10-11 14:14:02.099 DEBUG 6944 --- [http-nio-8090-exec-7] o.s.jdbc.core.JdbcTemplate               : Executing prepared SQL statement [insert into oauth_access_token (token_id, token, authentication_id, user_name, client_id, authentication, refresh_token) values (?, ?, ?, ?, ?, ?, ?)]
2021-10-11 14:14:02.116 TRACE 6944 --- [http-nio-8090-exec-7] o.s.jdbc.core.StatementCreatorUtils      : Setting SQL statement parameter value: column index 1, parameter value [8e6bd5084d037da31f3f6d798195f9f5], value class [java.lang.String], SQL type 12
2021-10-11 14:14:02.116 TRACE 6944 --- [http-nio-8090-exec-7] o.s.jdbc.core.StatementCreatorUtils      : Setting SQL statement parameter value: column index 2, parameter value [org.springframework.jdbc.core.support.SqlLobValue@270d42a0], value class [org.springframework.jdbc.core.support.SqlLobValue], SQL type 2004
2021-10-11 14:14:02.116 TRACE 6944 --- [http-nio-8090-exec-7] o.s.jdbc.core.StatementCreatorUtils      : Setting SQL statement parameter value: column index 3, parameter value [6a9b94be445b093cbdc325128bb6b8f8], value class [java.lang.String], SQL type 12
2021-10-11 14:14:02.116 TRACE 6944 --- [http-nio-8090-exec-7] o.s.jdbc.core.StatementCreatorUtils      : Setting SQL statement parameter value: column index 4, parameter value [admin], value class [java.lang.String], SQL type 12
2021-10-11 14:14:02.116 TRACE 6944 --- [http-nio-8090-exec-7] o.s.jdbc.core.StatementCreatorUtils      : Setting SQL statement parameter value: column index 5, parameter value [messaging-client], value class [java.lang.String], SQL type 12
2021-10-11 14:14:02.116 TRACE 6944 --- [http-nio-8090-exec-7] o.s.jdbc.core.StatementCreatorUtils      : Setting SQL statement parameter value: column index 6, parameter value [org.springframework.jdbc.core.support.SqlLobValue@65277cee], value class [org.springframework.jdbc.core.support.SqlLobValue], SQL type 2004
2021-10-11 14:14:02.116 TRACE 6944 --- [http-nio-8090-exec-7] o.s.jdbc.core.StatementCreatorUtils      : Setting SQL statement parameter value: column index 7, parameter value [fb1b23df5597ecaba8e5b2c447ce02f9], value class [java.lang.String], SQL type 12
2021-10-11 14:22:35.443  INFO 6944 --- [SpringApplicationShutdownHook] com.alibaba.druid.pool.DruidDataSource   : {dataSource-1} closing ...
2021-10-11 14:22:35.459  INFO 6944 --- [SpringApplicationShutdownHook] com.alibaba.druid.pool.DruidDataSource   : {dataSource-1} closed
